2024-05-25 12:43:08,273 [      2]   INFO - #c.i.i.AppStarter - ------------------------------------------------------ IDE STARTED ------------------------------------------------------
2024-05-25 12:43:08,298 [     27]   INFO - #c.i.u.EnvironmentUtil - loading shell env: /bin/zsh -l -i -c '/Users/rohanvashisht/.gradle/caches/modules-2/files-2.1/com.jetbrains.intellij.idea/ideaIC/2023.2.6/89eb58d1c063c9fbd762e99bc8abdbbc82aa9917/ideaIC-2023.2.6/bin/printenv' > '/var/folders/zv/n8k0xgt53l78x4pt34fkm4zm0000gn/T/ij-env-tmp-dir15779602654235396733/ij-shell-env-data.tmp'
2024-05-25 12:43:08,299 [     28]   INFO - #c.i.p.d.t.CsvMetricsExporter - open-telemetry-metrics-plotter.html is not found in classpath
2024-05-25 12:43:08,344 [     73]   INFO - #c.i.i.p.PluginManager - Module intellij.sh.python is not enabled because dependency com.intellij.modules.python is not available
Module intellij.space.gateway is not enabled because dependency com.jetbrains.gateway is not available
Module intellij.space.php is not enabled because dependency com.jetbrains.php is not available
Module intellij.space.index is not enabled because dependency intellij.indexing.shared is not available
Module intellij.qodana.jvm.swagger is not enabled because dependency com.intellij.swagger is not available
Module intellij.qodana.php is not enabled because dependency com.jetbrains.php is not available
Module intellij.qodana.js is not enabled because dependency JavaScript is not available
2024-05-25 12:43:08,357 [     86]   INFO - #c.i.i.p.PluginManager - Loaded bundled plugins: Plugin DevKit (232.10300.40), TextMate Bundles (232.10300.40), Gradle-Maven (232.10300.40), Gradle-Java (232.10300.40), TestNG (232.10300.40), Groovy (232.10300.40), com.intellij.dev (232.10300.40), NetBeans Keymap (232.10300.40), Android Design Tools (232.10300.40), IDEA CORE (232.10300.40), Task Management (232.10300.40), Configuration Script (232.10300.40), IDE Features Trainer (232.10300.40), Copyright (232.10300.40), JavaFX (232.10300.40), com.intellij.tracing.ide (232.10300.40), Code Coverage for Java (232.10300.40), Android (2022.3.1 Final.232.10300.40), Space (232.10300.40), EditorConfig (232.10300.40), Gradle DSL API (232.10300.40), Async Profiler for IDE Performance Testing (232.10300.40), Gradle Dependency Updater Implementation (232.10300.40), Code With Me (232.10300.40), JetBrains maven model api classes (232.10300.40), Package Checker (232.10300.40), IntelliLang (232.10300.40), Settings Sync (232.10300.40), Shell Script (232.10300.40), YAML (232.10300.40), Git (232.10300.40), UI Designer (232.10300.40), Eclipse Keymap (232.10300.40), GitLab (232.10300.40), Terminal (232.10300.40), Gradle (232.10300.40), XPathView + XSLT (232.10300.40), GitHub (232.10300.40), Maven (232.10300.40), Bytecode Viewer (232.10300.40), Java Bytecode Decompiler (232.10300.40), Properties (232.10300.40), HTML Tools (232.10300.40), Eclipse Interoperability (232.10300.40), Java Stream Debugger (232.10300.40), Perforce Helix Core (232.10300.40), Markdown (232.10300.40), JUnit (232.10300.40), Machine Learning in Search Everywhere (232.10300.40), Shared Indexes (232.10300.40), WebP Support (232.10300.40), Emoji Picker (232.10300.40), Projector Libraries for Code With Me and Remote Development (232.10300.40), Toml (232.10300.40), Images (232.10300.40), Qodana (232.10300.40), Visual Studio Keymap (232.10300.40), Mercurial (232.10300.40), Java Internationalization (232.10300.40), Performance Testing (232.10300.40), JetBrains Repository Search (232.10300.40), JetBrains Marketplace Licensing (232.10300.40), Kotlin (232-1.9.0-IJ10300.40), Gradle-Java-Analysis (232.10300.40), Subversion (232.10300.40), Maven server api classes (232.10300.40), Grazie Lite (232.10300.40), Ant (232.10300.40), Java IDE Customization (232.10300.40), Java (232.10300.40), Machine Learning Code Completion (232.10300.40)
2024-05-25 12:43:08,358 [     87]   INFO - #c.i.i.p.PluginManager - Loaded custom plugins: SDK: Bend Language Sample (2.0.0)
2024-05-25 12:43:08,618 [    347]   INFO - #c.i.i.AppStarter - JNA library (64-bit) loaded in 331 ms
2024-05-25 12:43:08,622 [    351]   INFO - #c.i.i.AppStarter - IDE: IntelliJ IDEA (build #IC-232.10300.40, 14 Feb 2024 20:48)
2024-05-25 12:43:08,623 [    352]   INFO - #c.i.i.AppStarter - OS: Mac OS X (14.5)
2024-05-25 12:43:08,624 [    353]   INFO - #c.i.i.AppStarter - JRE: 17.0.10+7-b1000.48, aarch64 (JetBrains s.r.o.)
2024-05-25 12:43:08,625 [    354]   INFO - #c.i.i.AppStarter - JVM: 17.0.10+7-b1000.48 (OpenJDK 64-Bit Server VM)
2024-05-25 12:43:08,628 [    357]   INFO - #c.i.i.AppStarter - PID: 1648
2024-05-25 12:43:08,630 [    359]   INFO - #c.i.i.AppStarter - JVM options: [-Daether.connector.resumeDownloads=false, -Dapple.awt.application.appearance=system, -Dapple.awt.fileDialogForDirectories=true, -Dapple.laf.useScreenMenuBar=true, -Didea.auto.reload.plugins=true, -Didea.classpath.index.enabled=false, -Didea.config.path=/Users/rohanvashisht/intellij-sdk-code-samples/bend_language_plugin/build/idea-sandbox/config, -Didea.is.internal=true, -Didea.log.path=/Users/rohanvashisht/intellij-sdk-code-samples/bend_language_plugin/build/idea-sandbox/system/log, -Didea.paths.selector=IdeaIC2023.2, -Didea.platform.prefix=Idea, -Didea.plugin.in.sandbox.mode=true, -Didea.plugins.path=/Users/rohanvashisht/intellij-sdk-code-samples/bend_language_plugin/build/idea-sandbox/plugins, -Didea.required.plugins.id=org.intellij.sdk.language, -Didea.smooth.progress=false, -Didea.system.path=/Users/rohanvashisht/intellij-sdk-code-samples/bend_language_plugin/build/idea-sandbox/system, -Didea.vendor.name=JetBrains, -Djava.system.class.loader=com.intellij.util.lang.PathClassLoader, -Djbr.catch.SIGABRT=true, -Djdk.attach.allowAttachSelf=true, -Djdk.http.auth.tunneling.disabledSchemes="", -Djdk.module.illegalAccess.silent=true, -Djna.boot.library.path=/Users/rohanvashisht/.gradle/caches/modules-2/files-2.1/com.jetbrains.intellij.idea/ideaIC/2023.2.6/89eb58d1c063c9fbd762e99bc8abdbbc82aa9917/ideaIC-2023.2.6/lib/jna/aarch64, -Djna.noclasspath=true, -Djna.nosys=true, -Dpty4j.preferred.native.folder=/Users/rohanvashisht/.gradle/caches/modules-2/files-2.1/com.jetbrains.intellij.idea/ideaIC/2023.2.6/89eb58d1c063c9fbd762e99bc8abdbbc82aa9917/ideaIC-2023.2.6/lib/pty4j, -Dsplash=true, -Dsun.io.useCanonCaches=false, -Dsun.java2d.metal=true, -XX:ReservedCodeCacheSize=512m, -XX:+UseG1GC, -XX:SoftRefLRUPolicyMSPerMB=50, -XX:CICompilerCount=2, -XX:+HeapDumpOnOutOfMemoryError, -XX:-OmitStackTraceInFastThrow, -XX:+IgnoreUnrecognizedVMOptions, -XX:CompileCommand=exclude,com/intellij/openapi/vfs/impl/FilePartNodeRoot,trieDescend, -javaagent:/Users/rohanvashisht/intellij-sdk-code-samples/bend_language_plugin/build/tmp/initializeIntelliJPlugin/coroutines-javaagent.jar, --add-opens=java.base/java.io=ALL-UNNAMED, --add-opens=java.base/java.lang=ALL-UNNAMED, --add-opens=java.base/java.lang.ref=ALL-UNNAMED, --add-opens=java.base/java.lang.reflect=ALL-UNNAMED, --add-opens=java.base/java.net=ALL-UNNAMED, --add-opens=java.base/java.nio=ALL-UNNAMED, --add-opens=java.base/java.nio.charset=ALL-UNNAMED, --add-opens=java.base/java.text=ALL-UNNAMED, --add-opens=java.base/java.time=ALL-UNNAMED, --add-opens=java.base/java.util=ALL-UNNAMED, --add-opens=java.base/java.util.concurrent=ALL-UNNAMED, --add-opens=java.base/java.util.concurrent.atomic=ALL-UNNAMED, --add-opens=java.base/jdk.internal.vm=ALL-UNNAMED, --add-opens=java.base/sun.nio.ch=ALL-UNNAMED, --add-opens=java.base/sun.nio.fs=ALL-UNNAMED, --add-opens=java.base/sun.security.ssl=ALL-UNNAMED, --add-opens=java.base/sun.security.util=ALL-UNNAMED, --add-opens=java.base/sun.net.dns=ALL-UNNAMED, --add-opens=java.desktop/com.apple.eawt=ALL-UNNAMED, --add-opens=java.desktop/com.apple.eawt.event=ALL-UNNAMED, --add-opens=java.desktop/com.apple.laf=ALL-UNNAMED, --add-opens=java.desktop/java.awt=ALL-UNNAMED, --add-opens=java.desktop/java.awt.dnd.peer=ALL-UNNAMED, --add-opens=java.desktop/java.awt.event=ALL-UNNAMED, --add-opens=java.desktop/java.awt.image=ALL-UNNAMED, --add-opens=java.desktop/java.awt.peer=ALL-UNNAMED, --add-opens=java.desktop/java.awt.font=ALL-UNNAMED, --add-opens=java.desktop/javax.swing=ALL-UNNAMED, --add-opens=java.desktop/javax.swing.plaf.basic=ALL-UNNAMED, --add-opens=java.desktop/javax.swing.text.html=ALL-UNNAMED, --add-opens=java.desktop/sun.awt.datatransfer=ALL-UNNAMED, --add-opens=java.desktop/sun.awt.image=ALL-UNNAMED, --add-opens=java.desktop/sun.awt=ALL-UNNAMED, --add-opens=java.desktop/sun.font=ALL-UNNAMED, --add-opens=java.desktop/sun.java2d=ALL-UNNAMED, --add-opens=java.desktop/sun.lwawt=ALL-UNNAMED, --add-opens=java.desktop/sun.lwawt.macosx=ALL-UNNAMED, --add-opens=java.desktop/sun.swing=ALL-UNNAMED, --add-opens=java.desktop/com.sun.java.swing=ALL-UNNAMED, --add-opens=jdk.attach/sun.tools.attach=ALL-UNNAMED, --add-opens=jdk.compiler/com.sun.tools.javac.api=ALL-UNNAMED, --add-opens=jdk.internal.jvmstat/sun.jvmstat.monitor=ALL-UNNAMED, --add-opens=jdk.jdi/com.sun.tools.jdi=ALL-UNNAMED, -Xms128m, -Xmx2048m, -Dfile.encoding=UTF-8, -Duser.country=US, -Duser.language=en, -Duser.variant, -ea]
2024-05-25 12:43:08,630 [    359]   INFO - #c.i.i.AppStarter - args: 
2024-05-25 12:43:08,631 [    360]   INFO - #c.i.i.AppStarter - library path: /Users/rohanvashisht/Library/Java/Extensions:/Library/Java/Extensions:/Network/Library/Java/Extensions:/System/Library/Java/Extensions:/usr/lib/java:.
2024-05-25 12:43:08,631 [    360]   INFO - #c.i.i.AppStarter - boot library path: /Users/rohanvashisht/.gradle/caches/modules-2/files-2.1/com.jetbrains/jbre/jbr_jcef-17.0.10-osx-aarch64-b1000.48/extracted/jbr_jcef-17.0.10-osx-aarch64-b1000.48/Contents/Home/lib
2024-05-25 12:43:08,643 [    372]   INFO - #c.i.i.AppStarter - locale=en_US JNU=UTF-8 file.encoding=UTF-8
    idea.config.path=/Users/rohanvashisht/intellij-sdk-code-samples/bend_language_plugin/build/idea-sandbox/config
    idea.system.path=/Users/rohanvashisht/intellij-sdk-code-samples/bend_language_plugin/build/idea-sandbox/system
    idea.plugins.path=/Users/rohanvashisht/intellij-sdk-code-samples/bend_language_plugin/build/idea-sandbox/plugins
    idea.log.path=/Users/rohanvashisht/intellij-sdk-code-samples/bend_language_plugin/build/idea-sandbox/system/log
2024-05-25 12:43:08,645 [    374]   INFO - #c.i.i.AppStarter - CPU cores: 8; ForkJoinPool.commonPool: java.util.concurrent.ForkJoinPool@29aa54f2[Running, parallelism = 7, size = 0, active = 0, running = 0, steals = 0, tasks = 0, submissions = 0]; factory: com.intellij.concurrency.IdeaForkJoinWorkerThreadFactory@307325a3
2024-05-25 12:43:08,928 [    657]   INFO - #c.i.u.EnvironmentUtil - shell environment loaded (21 vars)
2024-05-25 12:43:09,728 [   1457]   INFO - #c.i.a.o.PathMacrosImpl - Loaded path macros: {MAVEN_REPOSITORY=/Users/rohanvashisht/.m2/repository}
2024-05-25 12:43:09,772 [   1501]   INFO - #c.i.u.i.PageCacheUtils - File page caching params:
2024-05-25 12:43:09,772 [   1501]   INFO - #c.i.u.i.PageCacheUtils - 	DEFAULT_PAGE_SIZE:10485760
2024-05-25 12:43:09,773 [   1502]   INFO - #c.i.u.i.PageCacheUtils - 	FilePageCache: regular
2024-05-25 12:43:09,773 [   1502]   INFO - #c.i.u.i.PageCacheUtils - 	DirectByteBuffers pool: 104857600 bytes
2024-05-25 12:43:09,786 [   1515]   INFO - #c.i.o.v.n.p.PersistentFSConnector - VFS uses strict names enumerator
2024-05-25 12:43:09,828 [   1557]   INFO - #c.i.o.v.n.p.PersistentFSConnector - VFS uses new (streamlined) attributes storage
2024-05-25 12:43:09,837 [   1566]   INFO - #c.i.i.p.ExpiredPluginsState - Plugins to skip: []
2024-05-25 12:43:09,940 [   1669]   INFO - #c.i.o.v.n.p.FSRecords - using OVER_MMAPPED_FILE storage for VFS records
2024-05-25 12:43:09,960 [   1689]   INFO - #c.i.o.v.n.p.PersistentFSConnector - VFS: impl (expected) version=576319, 0 file records, 0 content blobs
2024-05-25 12:43:09,963 [   1692]   INFO - #c.i.o.v.n.p.PersistentFSConnector - 0 ms to self-checks, load free records and inverted name index
2024-05-25 12:43:09,988 [   1717]   INFO - #c.i.h.u.LocalHistoryLog - local history version mismatch (was: 0, expected: 6), rebuilding...
2024-05-25 12:43:09,988 [   1717]   INFO - #c.i.h.u.LocalHistoryLog - FS has been rebuild, rebuilding local history...
2024-05-25 12:43:09,998 [   1727]   INFO - #c.i.o.v.i.l.NativeFileWatcherImpl - Starting file watcher: /Users/rohanvashisht/.gradle/caches/modules-2/files-2.1/com.jetbrains.intellij.idea/ideaIC/2023.2.6/89eb58d1c063c9fbd762e99bc8abdbbc82aa9917/ideaIC-2023.2.6/bin/mac/fsnotifier
2024-05-25 12:43:10,012 [   1741]   INFO - #c.i.o.v.i.l.NativeFileWatcherImpl - Native file watcher is operational.
2024-05-25 12:43:10,038 [   1767]   INFO - #com.android.tools.idea.serverflags.ServerFlagInitializer - Enabled server flags: 
2024-05-25 12:43:10,058 [   1787]   INFO - #c.i.u.m.s.Menu - use new ScreenMenuBar implementation
2024-05-25 12:43:10,088 [   1817]   WARN - #c.i.u.m.MacOSApplicationProvider - No URL bundle (CFBundleURLTypes) is defined in the main bundle.
To be able to open external links, specify protocols in the app layout section of the build file.
Example: args.urlSchemes = ["your-protocol"] will handle following links: your-protocol://open?file=file&line=line
2024-05-25 12:43:10,129 [   1858]   INFO - #o.j.i.BuiltInServerManager - built-in server started, port 63343
2024-05-25 12:43:10,146 [   1875]   WARN - #c.i.u.n.s.ConfirmingTrustManager - Received an empty list of custom trusted root certificates from the system. Check log above for possible errors, enable debug logging in category 'org.jetbrains.nativecerts' for more information
2024-05-25 12:43:10,149 [   1878]   INFO - #c.i.u.n.s.CertificateManager - Default SSL context initialized
2024-05-25 12:43:10,211 [   1940]   INFO - #c.i.o.a.i.ActionManagerImpl - keymap "VSCode" not found PluginDescriptor(name=Terminal, id=org.jetbrains.plugins.terminal, descriptorPath=plugin.xml, path=~/.gradle/caches/modules-2/files-2.1/com.jetbrains.intellij.idea/ideaIC/2023.2.6/89eb58d1c063c9fbd762e99bc8abdbbc82aa9917/ideaIC-2023.2.6/plugins/terminal, version=232.10300.40, package=null, isBundled=true)
2024-05-25 12:43:10,212 [   1941]   INFO - #c.i.o.a.i.ActionManagerImpl - keymap "VSCode OSX" not found PluginDescriptor(name=Terminal, id=org.jetbrains.plugins.terminal, descriptorPath=plugin.xml, path=~/.gradle/caches/modules-2/files-2.1/com.jetbrains.intellij.idea/ideaIC/2023.2.6/89eb58d1c063c9fbd762e99bc8abdbbc82aa9917/ideaIC-2023.2.6/plugins/terminal, version=232.10300.40, package=null, isBundled=true)
2024-05-25 12:43:10,310 [   2039]   WARN - #c.i.i.u.l.LafManagerImpl - VersionControl.Log.Commit.rowHeight = null in Darcula; it may lead to performance degradation
2024-05-25 12:43:10,319 [   2048]   INFO - #c.i.o.v.n.p.FSRecords - VFS health-check disabled
2024-05-25 12:43:10,330 [   2059]   INFO - #c.i.s.m.SettingsRepositoryToSettingsSyncMigration - No data from settingsRepository in 'settingsRepository' folder => no migration needed
2024-05-25 12:43:10,383 [   2112]   WARN - #c.i.c.ComponentStoreImpl - Duplicated scheme Light - old: Light, new Light
2024-05-25 12:43:10,389 [   2118]   INFO - #c.j.r.p.c.p.w.s.WireStorage - Start Wire Storage check: Check Wire Buffer Size
2024-05-25 12:43:10,417 [   2146]   INFO - #c.i.o.u.i.UpdateCheckerService - channel: release
2024-05-25 12:43:10,428 [   2157]   INFO - #c.i.j.JdkEx - === TabbingMode: available ===
2024-05-25 12:43:10,455 [   2184]   INFO - #c.i.u.m.t.NST - touchbar-server isn't running, skip nst loading
2024-05-25 12:43:10,459 [   2188]   INFO - #c.i.u.m.t.TouchbarSupport - touchbar support is enabled
2024-05-25 12:43:10,538 [   2267]   INFO - #c.i.i.s.p.i.SharedIndexMainZipStorage - Shared Indexes Storage is opened and empty
2024-05-25 12:43:10,773 [   2502]   INFO - #c.i.u.i.FileBasedIndexImpl - Indices to be built:filetypes(v = 4096),IdIndex(v = 22),org.jetbrains.kotlin.idea.vfilefinder.KotlinPartialPackageNamesIndex(v = 4),FrameworkDetectionIndex(v = 65536),Trigram.Index(v = 4),RelaxSymbolIndex(v = 0),IdeaPluginRegistrationIndex(v = 8),org.jetbrains.kotlin.idea.versions.KotlinJsMetadataVersionIndex(v = 3),devkit.ExtensionPointClassIndex(v = 1),DomFileIndex(v = 0),devkit.ExtensionPointIndex(v = 0),NavXmlIndex(v = 10),editorconfig.index.name(v = 5),org.jetbrains.kotlin.idea.vfilefinder.KotlinPackageSourcesMemberNamesIndex(v = 2),PluginIdDependenciesIndex(v = 5),bytecodeAnalysis(v = 11),JavaFxControllerClassIndex(v = 1),XmlNamespaces(v = 8),java.source.module.name(v = 4),org.jetbrains.kotlin.idea.vfilefinder.KotlinMetadataFilePackageIndex(v = 2),java.auto.module.name(v = 6),com.android.tools.idea.model.AndroidManifestIndex(v = 10),org.jetbrains.kotlin.idea.base.indices.names.KotlinTopLevelClassLikeDeclarationByPackageShortNameIndex(v = 2),com.intellij.uiDesigner.FormClassIndex(v = 0),yaml.keys.name(v = 1),org.jetbrains.kotlin.idea.base.indices.names.KotlinTopLevelCallableByPackageShortNameIndex(v = 2),BindingXmlIndex(v = 10),HtmlTagIdIndex(v = 3),java.binary.plus.expression(v = 4),ant-imports(v = 5),TodoIndex(v = 13),XsltSymbolIndex(v = 0),javafx.id.name(v = 3),org.jetbrains.kotlin.idea.vfilefinder.KotlinModuleMappingIndex(v = 5),org.jetbrains.kotlin.idea.vfilefinder.KotlinMetadataFileIndex(v = 2),FilenameIndex(v = 258),javafx.custom.component(v = 2),html5.custom.attributes.index(v = 1),org.jetbrains.kotlin.idea.vfilefinder.KotlinJvmModuleAnnotationsIndex(v = 1),XmlTagNames(v = 1),org.jetbrains.kotlin.idea.vfilefinder.KotlinShortClassNameFileIndex(v = 3),json.file.root.values(v = 5),Stubs(v = 46),SchemaTypeInheritance(v = 2),org.jetbrains.kotlin.idea.versions.KotlinJvmMetadataVersionIndex(v = 5),java.null.method.argument(v = 1),xmlProperties(v = 2),fileIncludes(v = 6),org.jetbrains.kotlin.idea.vfilefinder.KotlinJavaScriptMetaFileIndex(v = 4),org.jetbrains.kotlin.idea.vfilefinder.KotlinBuiltInsMetadataIndex(v = 4),org.jetbrains.kotlin.idea.vfilefinder.KlibMetaFileIndex(v = 4),PluginIdModuleIndex(v = 2),org.jetbrains.kotlin.idea.vfilefinder.KotlinStdlibIndex(v = 1),java.fun.expression(v = 6),org.jetbrains.kotlin.idea.vfilefinder.KotlinClassFileIndex(v = 3)
2024-05-25 12:43:10,775 [   2504]   INFO - #c.i.u.i.FileBasedIndexImpl - Using nice flusher for indexes
2024-05-25 12:43:10,781 [   2510]   INFO - #c.i.u.i.IndexDataInitializer - Index data initialization done: 450 ms. Initialized indexes: [FilenameIndex, filetypes, Trigram.Index, DomFileIndex, fileIncludes, TodoIndex, IdIndex, FrameworkDetectionIndex, RelaxSymbolIndex, html5.custom.attributes.index, editorconfig.index.name, XmlNamespaces, XmlTagNames, SchemaTypeInheritance, yaml.keys.name, json.file.root.values, java.auto.module.name, xmlProperties, XsltSymbolIndex, java.null.method.argument, HtmlTagIdIndex, java.source.module.name, bytecodeAnalysis, java.fun.expression, PluginIdModuleIndex, PluginIdDependenciesIndex, java.binary.plus.expression, devkit.ExtensionPointClassIndex, javafx.id.name, IdeaPluginRegistrationIndex, JavaFxControllerClassIndex, ant-imports, javafx.custom.component, devkit.ExtensionPointIndex, org.jetbrains.kotlin.idea.vfilefinder.KotlinPartialPackageNamesIndex, org.jetbrains.kotlin.idea.vfilefinder.KotlinClassFileIndex, org.jetbrains.kotlin.idea.versions.KotlinJsMetadataVersionIndex, org.jetbrains.kotlin.idea.versions.KotlinJvmMetadataVersionIndex, org.jetbrains.kotlin.idea.vfilefinder.KotlinMetadataFilePackageIndex, org.jetbrains.kotlin.idea.vfilefinder.KotlinMetadataFileIndex, org.jetbrains.kotlin.idea.vfilefinder.KotlinJavaScriptMetaFileIndex, org.jetbrains.kotlin.idea.vfilefinder.KotlinModuleMappingIndex, Stubs, org.jetbrains.kotlin.idea.vfilefinder.KotlinShortClassNameFileIndex, org.jetbrains.kotlin.idea.base.indices.names.KotlinTopLevelCallableByPackageShortNameIndex, org.jetbrains.kotlin.idea.vfilefinder.KotlinBuiltInsMetadataIndex, org.jetbrains.kotlin.idea.vfilefinder.KotlinJvmModuleAnnotationsIndex, org.jetbrains.kotlin.idea.vfilefinder.KotlinPackageSourcesMemberNamesIndex, org.jetbrains.kotlin.idea.vfilefinder.KotlinStdlibIndex, org.jetbrains.kotlin.idea.base.indices.names.KotlinTopLevelClassLikeDeclarationByPackageShortNameIndex, BindingXmlIndex, org.jetbrains.kotlin.idea.vfilefinder.KlibMetaFileIndex, NavXmlIndex, com.android.tools.idea.model.AndroidManifestIndex, com.intellij.uiDesigner.FormClassIndex].
2024-05-25 12:43:11,028 [   2757]   INFO - #c.i.p.s.StubIndexImpl - Following stub indices will be built:org.jetbrains.kotlin.idea.stubindex.KotlinSubclassObjectNameIndex(v = 2),org.jetbrains.kotlin.idea.stubindex.KotlinClassShortNameIndex(v = 2),org.jetbrains.kotlin.idea.stubindex.KotlinTopLevelClassByPackageIndex(v = 2),java.class.extlist(v = 3),org.jetbrains.kotlin.idea.stubindex.KotlinTopLevelTypeAliasByPackageIndex(v = 2),gr.method.name(v = 5),dom.namespaceKey(v = 1),java.field.name(v = 2),org.jetbrains.kotlin.idea.stubindex.KotlinAnnotationsIndex(v = 3),org.jetbrains.kotlin.idea.stubindex.KotlinFileFacadeClassByPackageIndex(v = 2),gr.script.fqn(v = 5),java.class.shortname(v = 4),org.jetbrains.kotlin.idea.stubindex.KotlinProbablyNothingPropertyShortNameIndex(v = 2),java.module.name(v = 4),org.jetbrains.kotlin.idea.stubindex.KotlinTopLevelFunctionByPackageIndex(v = 2),org.jetbrains.kotlin.idea.stubindex.KotlinTopLevelPropertyFqnNameIndex(v = 2),org.jetbrains.kotlin.idea.stubindex.KotlinTopLevelExtensionsByReceiverTypeIndex(v = 3),gr.annot.members(v = 5),org.jetbrains.kotlin.idea.stubindex.KotlinScriptFqnIndex(v = 2),gr.field.name(v = 5),org.jetbrains.kotlin.idea.stubindex.KotlinProbablyContractedFunctionShortNameIndex(v = 2),gr.class.fqn.s(v = 5),org.jetbrains.kotlin.idea.stubindex.KotlinJvmNameAnnotationIndex(v = 2),org.jetbrains.kotlin.idea.stubindex.KotlinOverridableInternalMembersShortNameIndex(v = 2),java.method.parameter.types(v = 3),org.jetbrains.kotlin.idea.stubindex.KotlinTypeAliasByExpansionShortNameIndex(v = 2),org.jetbrains.kotlin.idea.stubindex.KotlinSuperClassIndex(v = 2),markdown.header.anchor(v = 2),jvm.static.member.type(v = 2),java.class.fqn(v = 1),org.jetbrains.kotlin.idea.stubindex.KotlinMultifileClassPartIndex(v = 2),org.jetbrains.kotlin.idea.stubindex.KotlinTopLevelTypeAliasFqNameIndex(v = 2),gr.script.fqn.s(v = 5),gr.anonymous.class(v = 6),gr.class.fqn(v = 4),org.jetbrains.kotlin.idea.stubindex.KotlinFunctionShortNameIndex(v = 2),kotlin.primeIndexKey(v = 2),org.jetbrains.kotlin.idea.stubindex.KotlinTopLevelFunctionFqnNameIndex(v = 2),dom.elementClass(v = 0),markdown.header(v = 2),gr.annot.method.name(v = 5),org.jetbrains.kotlin.idea.stubindex.KotlinExtensionsInObjectsByReceiverTypeIndex(v = 2),org.jetbrains.kotlin.idea.stubindex.KotlinExactPackagesIndex(v = 2),java.annotations(v = 2),org.jetbrains.kotlin.idea.stubindex.KotlinProbablyNothingFunctionShortNameIndex(v = 2),org.jetbrains.kotlin.idea.stubindex.KotlinPropertyShortNameIndex(v = 2),org.jetbrains.kotlin.idea.stubindex.KotlinTopLevelPropertyByPackageIndex(v = 2),properties.index(v = 2),gr.script.class(v = 5),java.method.name(v = 2),org.jetbrains.kotlin.idea.stubindex.KotlinInnerTypeAliasClassIdIndex(v = 2),java.anonymous.baseref(v = 2),org.jetbrains.kotlin.idea.stubindex.KotlinFileFacadeFqNameIndex(v = 2),org.jetbrains.kotlin.idea.stubindex.KotlinFileFacadeShortNameIndex(v = 2),jvm.static.member.name(v = 2),gr.class.super(v = 5),org.jetbrains.kotlin.idea.stubindex.KotlinTypeAliasShortNameIndex(v = 2),org.jetbrains.kotlin.idea.stubindex.KotlinFullClassNameIndex(v = 2),org.jetbrains.kotlin.idea.stubindex.KotlinFilePartClassIndex(v = 2)
2024-05-25 12:43:11,029 [   2758]   INFO - #c.i.u.i.IndexDataInitializer - Index data initialization done: 247 ms. Initialized stub indexes: {org.jetbrains.kotlin.idea.stubindex.KotlinExtensionsInObjectsByReceiverTypeIndex, org.jetbrains.kotlin.idea.stubindex.KotlinMultifileClassPartIndex, gr.class.super, org.jetbrains.kotlin.idea.stubindex.KotlinTopLevelTypeAliasFqNameIndex, kotlin.primeIndexKey, jvm.static.member.type, org.jetbrains.kotlin.idea.stubindex.KotlinSuperClassIndex, org.jetbrains.kotlin.idea.stubindex.KotlinTopLevelPropertyByPackageIndex, org.jetbrains.kotlin.idea.stubindex.KotlinFilePartClassIndex, org.jetbrains.kotlin.idea.stubindex.KotlinScriptFqnIndex, gr.anonymous.class, java.method.parameter.types, markdown.header, org.jetbrains.kotlin.idea.stubindex.KotlinProbablyContractedFunctionShortNameIndex, gr.field.name, gr.class.fqn, gr.annot.members, org.jetbrains.kotlin.idea.stubindex.KotlinTypeAliasShortNameIndex, java.method.name, org.jetbrains.kotlin.idea.stubindex.KotlinClassShortNameIndex, java.field.name, gr.method.name, java.class.extlist, org.jetbrains.kotlin.idea.stubindex.KotlinFunctionShortNameIndex, org.jetbrains.kotlin.idea.stubindex.KotlinInnerTypeAliasClassIdIndex, org.jetbrains.kotlin.idea.stubindex.KotlinTopLevelPropertyFqnNameIndex, gr.script.class, gr.class.fqn.s, java.anonymous.baseref, org.jetbrains.kotlin.idea.stubindex.KotlinTypeAliasByExpansionShortNameIndex, org.jetbrains.kotlin.idea.stubindex.KotlinOverridableInternalMembersShortNameIndex, org.jetbrains.kotlin.idea.stubindex.KotlinAnnotationsIndex, gr.annot.method.name, java.module.name, org.jetbrains.kotlin.idea.stubindex.KotlinTopLevelExtensionsByReceiverTypeIndex, org.jetbrains.kotlin.idea.stubindex.KotlinFileFacadeShortNameIndex, gr.script.fqn, markdown.header.anchor, org.jetbrains.kotlin.idea.stubindex.KotlinPropertyShortNameIndex, properties.index, jvm.static.member.name, org.jetbrains.kotlin.idea.stubindex.KotlinProbablyNothingPropertyShortNameIndex, org.jetbrains.kotlin.idea.stubindex.KotlinTopLevelClassByPackageIndex, org.jetbrains.kotlin.idea.stubindex.KotlinFullClassNameIndex, dom.namespaceKey, org.jetbrains.kotlin.idea.stubindex.KotlinProbablyNothingFunctionShortNameIndex, java.annotations, org.jetbrains.kotlin.idea.stubindex.KotlinTopLevelFunctionByPackageIndex, org.jetbrains.kotlin.idea.stubindex.KotlinTopLevelFunctionFqnNameIndex, org.jetbrains.kotlin.idea.stubindex.KotlinFileFacadeClassByPackageIndex, org.jetbrains.kotlin.idea.stubindex.KotlinSubclassObjectNameIndex, org.jetbrains.kotlin.idea.stubindex.KotlinFileFacadeFqNameIndex, java.class.fqn, org.jetbrains.kotlin.idea.stubindex.KotlinTopLevelTypeAliasByPackageIndex, dom.elementClass, java.class.shortname, org.jetbrains.kotlin.idea.stubindex.KotlinExactPackagesIndex, gr.script.fqn.s, org.jetbrains.kotlin.idea.stubindex.KotlinJvmNameAnnotationIndex}.
2024-05-25 12:43:11,753 [   3482]   INFO - #c.i.i.p.m.MarketplaceRequests - Error reading Marketplace file: com.fasterxml.jackson.databind.JsonMappingException: Unexpected end-of-input in VALUE_STRING
 at [Source: (sun.nio.ch.ChannelInputStream); line: 1, column: 80768] (through reference chain: java.util.HashSet[3078]) (file=/Users/rohanvashisht/intellij-sdk-code-samples/bend_language_plugin/build/idea-sandbox/system/plugins/pluginsXMLIds.json URL=https://plugins.jetbrains.com/files/pluginsXMLIds.json)
2024-05-25 12:43:11,753 [   3482]   INFO - #c.i.o.u.i.UpdateChecker - failed to load plugins from default repository: Unexpected end-of-input in VALUE_STRING
 at [Source: (sun.nio.ch.ChannelInputStream); line: 1, column: 80768] (through reference chain: java.util.HashSet[3078])
2024-05-25 12:43:11,860 [   3589]   INFO - #com.android.tools.idea.updater.SdkComponentSource - Downloading https://dl.google.com/android/repository/addons_list-5.xml
2024-05-25 12:43:12,153 [   3882]   INFO - #com.android.tools.idea.updater.SdkComponentSource - Downloading https://dl.google.com/android/repository/repository2-3.xml
2024-05-25 12:43:12,153 [   3882]   INFO - #com.android.tools.idea.updater.SdkComponentSource - Downloading https://dl.google.com/android/repository/sys-img/android-automotive/sys-img2-3.xml
2024-05-25 12:43:12,154 [   3883]   INFO - #com.android.tools.idea.updater.SdkComponentSource - Downloading https://dl.google.com/android/repository/sys-img/android-wear/sys-img2-3.xml
2024-05-25 12:43:12,154 [   3883]   INFO - #com.android.tools.idea.updater.SdkComponentSource - Downloading https://dl.google.com/android/repository/sys-img/android-wear-cn/sys-img2-3.xml
2024-05-25 12:43:12,153 [   3882]   INFO - #com.android.tools.idea.updater.SdkComponentSource - Downloading https://dl.google.com/android/repository/sys-img/android/sys-img2-3.xml
2024-05-25 12:43:12,153 [   3882]   INFO - #com.android.tools.idea.updater.SdkComponentSource - Downloading https://dl.google.com/android/repository/repository2-2.xml
2024-05-25 12:43:12,155 [   3884]   INFO - #com.android.tools.idea.updater.SdkComponentSource - Downloading https://dl.google.com/android/repository/sys-img/android-tv/sys-img2-3.xml
2024-05-25 12:43:12,154 [   3883]   INFO - #com.android.tools.idea.updater.SdkComponentSource - Downloading https://dl.google.com/android/repository/sys-img/android-automotive-distantdisplay/sys-img2-3.xml
2024-05-25 12:43:12,155 [   3884]   INFO - #com.android.tools.idea.updater.SdkComponentSource - Downloading https://dl.google.com/android/repository/sys-img/android-desktop/sys-img2-3.xml
2024-05-25 12:43:12,156 [   3885]   INFO - #com.android.tools.idea.updater.SdkComponentSource - Downloading https://dl.google.com/android/repository/sys-img/aosp_atd/sys-img2-3.xml
2024-05-25 12:43:12,156 [   3885]   INFO - #com.android.tools.idea.updater.SdkComponentSource - Downloading https://dl.google.com/android/repository/sys-img/google_atd/sys-img2-3.xml
2024-05-25 12:43:12,156 [   3885]   INFO - #com.android.tools.idea.updater.SdkComponentSource - Downloading https://dl.google.com/android/repository/sys-img/google-tv/sys-img2-3.xml
2024-05-25 12:43:12,156 [   3885]   INFO - #com.android.tools.idea.updater.SdkComponentSource - Downloading https://dl.google.com/android/repository/sys-img/google_apis/sys-img2-3.xml
2024-05-25 12:43:12,156 [   3885]   INFO - #com.android.tools.idea.updater.SdkComponentSource - Downloading https://dl.google.com/android/repository/sys-img/google_apis_playstore/sys-img2-3.xml
2024-05-25 12:43:12,157 [   3886]   INFO - #com.android.tools.idea.updater.SdkComponentSource - Downloading https://dl.google.com/android/repository/sys-img/google_apis_tablet/sys-img2-3.xml
2024-05-25 12:43:12,157 [   3886]   INFO - #com.android.tools.idea.updater.SdkComponentSource - Downloading https://dl.google.com/android/repository/sys-img/aosp_tablet/sys-img2-3.xml
2024-05-25 12:43:12,158 [   3887]   INFO - #com.android.tools.idea.updater.SdkComponentSource - Downloading https://dl.google.com/android/repository/sys-img/google_playstore_tablet/sys-img2-3.xml
2024-05-25 12:43:12,158 [   3887]   INFO - #com.android.tools.idea.updater.SdkComponentSource - Downloading https://dl.google.com/android/repository/addon2-3.xml
2024-05-25 12:43:12,159 [   3888]   INFO - #com.android.tools.idea.updater.SdkComponentSource - Downloading https://dl.google.com/android/repository/glass/addon2-3.xml
2024-05-25 12:43:12,159 [   3888]   INFO - #com.android.tools.idea.updater.SdkComponentSource - Downloading https://dl.google.com/android/repository/extras/intel/addon2-3.xml
2024-05-25 12:43:14,833 [   6562]   INFO - #c.i.o.a.i.PopupMenuPreloader - 3047 ms since showing to preload popup menu 'Help' at 'MainMenu(preload-bgt)' in 35 ms
2024-05-25 12:43:14,888 [   6617]   INFO - #c.i.o.a.i.PopupMenuPreloader - 3105 ms since showing to preload popup menu 'File' at 'MainMenu(preload-bgt)' in 98 ms
2024-05-25 12:44:51,155 [ 102884]   INFO - #c.i.j.JdkEx - === TabbingMode: on ===
2024-05-25 12:44:51,358 [ 103087]   INFO - #c.i.w.i.i.l.m.ModuleBridgeLoaderService - Workspace model loaded without cache. Loading real project state into workspace model. Thread[DefaultDispatcher-worker-54 @coroutine#2584,5,main]
2024-05-25 12:44:51,384 [ 103113]   INFO - #c.i.w.i.i.j.s.JpsGlobalModelSynchronizerImpl - Loading global entities from files
2024-05-25 12:44:51,387 [ 103116]   INFO - #c.i.w.i.i.GlobalWorkspaceModel - Sync global entities with mutable entity storage
2024-05-25 12:44:52,177 [ 103906]   INFO - #c.i.w.i.i.EntitiesOrphanageImpl - Update orphanage. 0 modules added
2024-05-25 12:44:52,183 [ 103912]   INFO - #c.i.w.i.i.WorkspaceModelImpl - Project model updated to version 1 in 41 ms: Apply JPS storage (iml files)
2024-05-25 12:44:52,183 [ 103912]   INFO - #c.i.w.i.i.EntitiesOrphanageImpl - Update orphanage. 0 modules added
2024-05-25 12:44:52,254 [ 103983]   INFO - #c.i.p.c.ProjectCodeStyleSettingsManager - Initialized from default code style settings.
2024-05-25 12:44:52,259 [ 103988]   INFO - STDOUT - Info  | RdCoroutineScope          | 28:DefaultDispatcher-worker-15 @com.jetbrains.rd.platform.codeWithMe.toolbar.CodeWithMeToolbarUpdater preloading#3376 | RdCoroutineHost overridden 
2024-05-25 12:44:52,277 [ 104006]   INFO - #c.i.r.OsRegistryConfigProvider - Looking for 'enabled' value in [/Library/Application Support/JetBrains/portForwarding/enabled, /Library/Application Support/JetBrains/portForwarding/config.json, /Users/rohanvashisht/Library/Application Support/JetBrains/portForwarding/enabled, /Users/rohanvashisht/Library/Application Support/JetBrains/portForwarding/config.json]
2024-05-25 12:44:52,278 [ 104007]   INFO - #c.i.r.OsRegistryConfigProvider - OS provided value for 'enabled' is not found
2024-05-25 12:44:52,353 [ 104082]   INFO - #c.i.w.i.i.EntitiesOrphanageImpl - Update orphanage. 0 modules added
2024-05-25 12:44:52,354 [ 104083]   INFO - #c.i.w.i.i.WorkspaceModelImpl - Project model updated to version 2 in 49 ms: Module model commit
2024-05-25 12:44:52,382 [ 104111]   INFO - #c.i.w.i.i.EntitiesOrphanageImpl - Update orphanage. 0 modules added
2024-05-25 12:44:52,384 [ 104113]   INFO - #c.i.o.a.i.NonBlockingReadActionImpl - OTel monitoring for NonBlockingReadAction is enabled
2024-05-25 12:44:52,388 [ 104117]   INFO - #c.i.w.i.i.WorkspaceModelImpl - Project model updated to version 3 in 12 ms: Root model commit
2024-05-25 12:44:52,408 [ 104137]   INFO - PerformancePlugin - Performance Plugin is in silent mode
2024-05-25 12:44:52,542 [ 104271]   INFO - #com.android.tools.idea.projectsystem.ProjectSystemService - DefaultProjectSystem project system has been detected
2024-05-25 12:44:52,928 [ 104657]   INFO - #c.i.o.e.s.p.m.ExternalProjectsDataStorage - Load external projects data in 12 millis (read time: 9)
2024-05-25 12:44:53,025 [ 104754]   INFO - #com.android.tools.idea.adblib.AndroidAdbChannelProvider - Registering project to adblib channel provider: Project(name=bend, containerState=COMPONENT_CREATED, componentStore=/Users/rohanvashisht/bend)
2024-05-25 12:44:53,035 [ 104764]   INFO - #c.j.r.f.FollowMeManager - Register new user 0 (name: 'rohanvashisht', client id: Host)
2024-05-25 12:44:53,059 [ 104788]   INFO - #c.i.i.s.IdeStartupScripts - 0 startup script(s) found
2024-05-25 12:44:53,074 [ 104803]   INFO - #c.i.i.b.BookmarksManager - no state loaded for new bookmarks
2024-05-25 12:44:53,078 [ 104807]   INFO - #c.i.i.b.BookmarkManager - no state loaded for old bookmarks
2024-05-25 12:44:53,081 [ 104810]   INFO - #c.i.d.PerformanceWatcherImpl - Post-startup activities under progress took 270ms; general responsiveness: ok; EDT responsiveness: ok
2024-05-25 12:44:53,086 [ 104815]   INFO - #c.i.i.f.FavoritesManager - no state loaded for old favorites
2024-05-25 12:44:53,090 [ 104819]   INFO - #c.i.o.a.Experiments - Experimental features enabled for user: wsl.p9.support, wsl.prefer.p9.support, wsl.p9.show.roots.in.file.chooser, wsl.execute.with.wsl.exe, linux.native.menu, recent.and.edited.files.together, show.create.new.element.in.popup, search.everywhere.mixed.results, new.project.wizard, editor.reader.mode, new.large.text.file.viewer, terminal.shell.command.handling
2024-05-25 12:44:53,117 [ 104846]   INFO - #c.i.o.p.MergingQueueGuiExecutor - Running task: (dumb mode task) com.intellij.openapi.project.InitialDumbTaskRequiredForSmartMode@7cd9be5d
2024-05-25 12:44:53,119 [ 104848]   INFO - #c.i.o.p.DumbServiceMergingTaskQueue - Initializing DumbServiceMergingTaskQueue...
2024-05-25 12:44:53,120 [ 104849]   INFO - #c.i.o.p.DumbServiceMergingTaskQueue - Running initialization condition: com.intellij.indexing.shared.download.SharedIndexDownloadedCondition@2005eeb0
2024-05-25 12:44:53,120 [ 104849]   INFO - #c.i.o.p.DumbServiceMergingTaskQueue - Finished: com.intellij.indexing.shared.download.SharedIndexDownloadedCondition@2005eeb0
2024-05-25 12:44:53,132 [ 104861]   INFO - #c.i.o.p.InitialDumbTaskRequiredForSmartMode - Running task required for smart mode: com.intellij.indexing.shared.platform.impl.OnDiskSharedIndexChunkLocator@59dcaeb7
2024-05-25 12:44:53,135 [ 104864]   INFO - #c.i.o.p.InitialDumbTaskRequiredForSmartMode - Finished task required for smart mode: com.intellij.indexing.shared.platform.impl.OnDiskSharedIndexChunkLocator@59dcaeb7
2024-05-25 12:44:53,136 [ 104865]   INFO - #c.i.o.p.InitialDumbTaskRequiredForSmartMode - Running task required for smart mode: com.intellij.util.indexing.ProjectFileBasedIndexStartupActivity@26aa1bc8
2024-05-25 12:44:53,146 [ 104875]   INFO - #c.i.o.p.InitialDumbTaskRequiredForSmartMode - Finished task required for smart mode: com.intellij.util.indexing.ProjectFileBasedIndexStartupActivity@26aa1bc8
2024-05-25 12:44:53,146 [ 104875]   INFO - #c.i.o.p.InitialDumbTaskRequiredForSmartMode - Running task required for smart mode: com.intellij.externalDependencies.impl.CheckRequiredPluginsActivity@5badd8a5
2024-05-25 12:44:53,152 [ 104881]   INFO - #c.i.o.p.InitialDumbTaskRequiredForSmartMode - Finished task required for smart mode: com.intellij.externalDependencies.impl.CheckRequiredPluginsActivity@5badd8a5
2024-05-25 12:44:53,152 [ 104881]   INFO - #c.i.o.p.InitialDumbTaskRequiredForSmartMode - Running task required for smart mode: com.intellij.util.indexing.DumbModeWhileScanningSubscriber@18af9ca1
2024-05-25 12:44:53,185 [ 104914]   INFO - #c.i.o.p.InitialDumbTaskRequiredForSmartMode - Finished task required for smart mode: com.intellij.util.indexing.DumbModeWhileScanningSubscriber@18af9ca1
2024-05-25 12:44:53,186 [ 104915]   INFO - #c.i.o.p.MergingQueueGuiExecutor - Task finished: (dumb mode task) com.intellij.openapi.project.InitialDumbTaskRequiredForSmartMode@7cd9be5d
2024-05-25 12:44:53,759 [ 105488]   INFO - #c.i.w.i.i.EntitiesOrphanageImpl - Update orphanage. 0 modules added
2024-05-25 12:44:53,761 [ 105490]   INFO - #c.i.w.i.i.WorkspaceModelImpl - Project model updated to version 4 in 3 ms: Project library table commit
2024-05-25 12:44:53,767 [ 105496]   INFO - #c.i.w.i.i.EntitiesOrphanageImpl - Update orphanage. 0 modules added
2024-05-25 12:44:53,768 [ 105497]   INFO - #c.i.w.i.i.WorkspaceModelImpl - Project model updated to version 5 in 2 ms: Module model commit
2024-05-25 12:44:53,900 [ 105629]   INFO - #c.i.o.p.MergingQueueGuiExecutor - Running task: UnindexedFilesScanner[bend]
2024-05-25 12:44:53,948 [ 105677]   INFO - #c.i.u.i.UnindexedFilesScanner - Started scanning for indexing of bend. Reason: On project open
2024-05-25 12:44:53,960 [ 105689]   INFO - #c.i.u.i.UnindexedFilesScanner - Performing delayed pushing properties tasks for bend took 9ms; general responsiveness: ok; EDT responsiveness: ok
2024-05-25 12:44:54,020 [ 105749]   INFO - #c.i.u.i.UnindexedFilesScanner - Scanning of bend uses 7 scanning threads
2024-05-25 12:44:54,106 [ 105835]   INFO - #c.i.o.p.MergingQueueGuiExecutor - Running task: (dumb mode task) com.android.tools.idea.res.ResourceFolderRepositoryFileCacheImpl$PruneTask@4dbbc93b
2024-05-25 12:44:54,119 [ 105848]   INFO - #c.i.o.p.DumbServiceMergingTaskQueue - Initializing DumbServiceMergingTaskQueue...
2024-05-25 12:44:54,120 [ 105849]   INFO - #c.i.o.p.MergingQueueGuiExecutor - Task finished: (dumb mode task) com.android.tools.idea.res.ResourceFolderRepositoryFileCacheImpl$PruneTask@4dbbc93b
2024-05-25 12:44:54,120 [ 105849]   INFO - #c.i.o.p.MergingQueueGuiExecutor - Running task: (dumb mode task) com.android.tools.idea.res.ResourceFolderRepositoryFileCacheImpl$ManageLruProjectFilesTask@2babd44a
2024-05-25 12:44:54,122 [ 105851]   INFO - #c.i.o.p.DumbServiceMergingTaskQueue - Initializing DumbServiceMergingTaskQueue...
2024-05-25 12:44:54,123 [ 105852]   INFO - #c.i.o.p.MergingQueueGuiExecutor - Task finished: (dumb mode task) com.android.tools.idea.res.ResourceFolderRepositoryFileCacheImpl$ManageLruProjectFilesTask@2babd44a
2024-05-25 12:44:54,206 [ 105935]   INFO - #c.i.o.p.MergingQueueGuiExecutor - Running task: (dumb mode task) com.intellij.util.indexing.DumbModeWhileScanningTrigger$DumbModeWhileScanning@24cae607
2024-05-25 12:44:54,207 [ 105936]   INFO - #c.i.o.p.DumbServiceMergingTaskQueue - Initializing DumbServiceMergingTaskQueue...
2024-05-25 12:44:54,932 [ 106661]   INFO - #c.i.u.i.UnindexedFilesScanner - Scanning completed for bend. Number of scanned files: 219; Number of files for indexing: 219 took 969ms; general responsiveness: ok; EDT responsiveness: 0/1 sluggish, 1/1 very slow
2024-05-25 12:44:54,934 [ 106663]   INFO - #c.i.u.i.UnindexedFilesScanner - 472a0ee9: marking roots for initial VFS refresh
2024-05-25 12:44:54,934 [ 106663]   INFO - #c.i.u.i.UnindexedFilesScanner - 472a0ee9: starting initial VFS refresh
2024-05-25 12:44:54,970 [ 106699]   INFO - #c.i.o.p.MergingQueueGuiExecutor - Task finished: UnindexedFilesScanner[bend]
2024-05-25 12:44:54,974 [ 106703]   INFO - #c.i.o.p.MergingQueueGuiExecutor - Task finished: (dumb mode task) com.intellij.util.indexing.DumbModeWhileScanningTrigger$DumbModeWhileScanning@24cae607
2024-05-25 12:44:54,975 [ 106704]   INFO - #c.i.o.p.MergingQueueGuiExecutor - Running task: (dumb mode task) UnindexedFilesIndexer[bend, 1 iterators, reason: On project open]
2024-05-25 12:44:54,977 [ 106706]   INFO - #c.i.o.p.DumbServiceMergingTaskQueue - Initializing DumbServiceMergingTaskQueue...
2024-05-25 12:44:54,985 [ 106714]   INFO - #c.i.u.i.UnindexedFilesIndexer - Use 7 indexing threads for indexing of bend
2024-05-25 12:44:55,009 [ 106738]   INFO - #c.i.u.i.UnindexedFilesScanner - 472a0ee9: initial VFS refresh finished 74 ms
2024-05-25 12:44:56,511 [ 108240]   INFO - #c.i.u.i.ProjectChangedFilesScanner - Retrieving changed during indexing files of bend : 0 to update, calculated in 0ms
2024-05-25 12:44:56,511 [ 108240]   INFO - #c.i.u.i.UnindexedFilesIndexer - Finished for bend. Unindexed files update took 1531ms; general responsiveness: ok; EDT responsiveness: ok
2024-05-25 12:44:56,515 [ 108244]   INFO - #c.i.o.p.MergingQueueGuiExecutor - Task finished: (dumb mode task) UnindexedFilesIndexer[bend, 1 iterators, reason: On project open]
2024-05-25 12:44:56,518 [ 108247]   INFO - #c.i.o.p.DumbServiceImpl - entered smart mode
2024-05-25 12:44:56,595 [ 108324]   INFO - #c.i.o.p.DumbServiceImpl - entered dumb mode
2024-05-25 12:44:56,669 [ 108398]   INFO - #c.i.o.p.MergingQueueGuiExecutor - Running task: (dumb mode task) com.android.tools.idea.res.ResourceFolderRegistry$PopulateCachesTask@72d22dff
2024-05-25 12:44:56,674 [ 108403]   INFO - #c.i.o.p.DumbServiceMergingTaskQueue - Initializing DumbServiceMergingTaskQueue...
2024-05-25 12:44:56,674 [ 108403]   INFO - #c.i.o.p.MergingQueueGuiExecutor - Task finished: (dumb mode task) com.android.tools.idea.res.ResourceFolderRegistry$PopulateCachesTask@72d22dff
2024-05-25 12:44:56,689 [ 108418]   INFO - #c.i.o.p.DumbServiceImpl - entered smart mode
2024-05-25 12:44:56,815 [ 108544]   WARN - #c.i.o.a.i.Utils - 1281 ms to fillMenu@ProjectViewPopup
2024-05-25 12:44:58,095 [ 109824]   WARN - #c.i.d.MemorySizeConfigurator - The IDE is not configured for using custom VM options (jb.vmOptionsFile=null)
java.io.IOException: The IDE is not configured for using custom VM options (jb.vmOptionsFile=null)
	at com.intellij.diagnostic.VMOptions.setOptions(VMOptions.java:204)
	at com.intellij.diagnostic.VMOptions.setOption(VMOptions.java:195)
	at com.intellij.diagnostic.VMOptions.setOption(VMOptions.java:177)
	at com.intellij.diagnostic.MemorySizeConfigurator.execute(MemorySizeConfigurator.kt:48)
	at com.intellij.ide.startup.impl.StartupManagerImplKt$launchActivity$1$1.invokeSuspend(StartupManagerImpl.kt:534)
	at com.intellij.ide.startup.impl.StartupManagerImplKt$launchActivity$1$1.invoke(StartupManagerImpl.kt)
	at com.intellij.ide.startup.impl.StartupManagerImplKt$launchActivity$1$1.invoke(StartupManagerImpl.kt)
	at kotlinx.coroutines.intrinsics.UndispatchedKt.startUndispatchedOrReturn(Undispatched.kt:78)
	at kotlinx.coroutines.BuildersKt__Builders_commonKt.withContext(Builders.common.kt:167)
	at kotlinx.coroutines.BuildersKt.withContext(Unknown Source)
	at com.intellij.ide.startup.impl.StartupManagerImplKt$launchActivity$1.invokeSuspend(StartupManagerImpl.kt:532)
	at kotlin.coroutines.jvm.internal.BaseContinuationImpl.resumeWith(ContinuationImpl.kt:33)
	at kotlinx.coroutines.DispatchedTask.run(DispatchedTask.kt:106)
	at kotlinx.coroutines.scheduling.CoroutineScheduler.runSafely(CoroutineScheduler.kt:584)
	at kotlinx.coroutines.scheduling.CoroutineScheduler$Worker.executeTask(CoroutineScheduler.kt:793)
	at kotlinx.coroutines.scheduling.CoroutineScheduler$Worker.runWorker(CoroutineScheduler.kt:697)
	at kotlinx.coroutines.scheduling.CoroutineScheduler$Worker.run(CoroutineScheduler.kt:684)
2024-05-25 12:44:58,111 [ 109840]   INFO - #o.j.j.b.i.CompilerReferenceIndex - backward reference index version doesn't exist
2024-05-25 12:44:58,120 [ 109849]   INFO - c.i.s.k.s.d.SpaceKtsFileDetector - SpaceKtsFileDetector
2024-05-25 12:44:58,121 [ 109850]   INFO - #c.i.c.b.IsUpToDateCheckStartupActivity - suitable consumer is not found
2024-05-25 12:44:58,128 [ 109857]   INFO - #c.j.r.p.c.CodeWithMeCleanup - running activity to cleanup old thin clients... Root path is '/Users/rohanvashisht/Library/Caches/JetBrains'. JvmStartTimeMs=1716621187857
2024-05-25 12:44:58,129 [ 109858]   INFO - #c.j.r.p.c.CodeWithMeCleanup - found 0 Code With Me client system folders to check
2024-05-25 12:44:58,130 [ 109859]   INFO - #c.j.r.p.c.CodeWithMeCleanup - found 0 Code With Me client config folders to check
2024-05-25 12:44:58,131 [ 109860]   INFO - #c.j.r.p.c.CodeWithMeCleanup - keep only [] major versions
2024-05-25 12:44:58,132 [ 109861]   INFO - #c.i.r.OsRegistryConfigProvider - Looking for 'versionManagementEnabled' value in [/Library/Application Support/JetBrains/JetBrainsClient/versionManagementEnabled, /Library/Application Support/JetBrains/JetBrainsClient/config.json, /Users/rohanvashisht/Library/Application Support/JetBrains/JetBrainsClient/versionManagementEnabled, /Users/rohanvashisht/Library/Application Support/JetBrains/JetBrainsClient/config.json]
2024-05-25 12:44:58,133 [ 109862]   INFO - #c.i.r.OsRegistryConfigProvider - OS provided value for 'versionManagementEnabled' is not found
2024-05-25 12:45:03,727 [ 115456]   INFO - #o.j.s.e.g.GradleProjectDependenciesModel - Start collecting all modules
2024-05-25 12:45:03,728 [ 115457]   INFO - #o.j.s.e.g.GradleProjectDependenciesModel - Finish collecting all modules, count of found modules: 0
2024-05-25 12:45:05,960 [ 117689]   INFO - #c.i.o.a.i.PopupMenuPreloader - 12939 ms since showing to preload popup menu 'File' at 'MainMenu(preload-bgt)' in 7 ms
2024-05-25 12:45:05,987 [ 117716]   INFO - #c.i.o.a.i.PopupMenuPreloader - 12966 ms since showing to preload popup menu 'View' at 'MainMenu(preload-bgt)' in 34 ms
2024-05-25 12:45:06,000 [ 117729]   INFO - #c.i.o.a.i.PopupMenuPreloader - 12979 ms since showing to preload popup menu 'Navigate' at 'MainMenu(preload-bgt)' in 46 ms
2024-05-25 12:45:06,009 [ 117738]   INFO - #c.i.o.a.i.PopupMenuPreloader - 12988 ms since showing to preload popup menu 'Git' at 'MainMenu(preload-bgt)' in 55 ms
2024-05-25 12:45:06,017 [ 117746]   INFO - #c.i.o.a.i.PopupMenuPreloader - 12995 ms since showing to preload popup menu 'Build' at 'MainMenu(preload-bgt)' in 63 ms
2024-05-25 12:45:06,029 [ 117758]   INFO - #c.i.o.a.i.PopupMenuPreloader - 13008 ms since showing to preload popup menu 'Window' at 'MainMenu(preload-bgt)' in 76 ms
2024-05-25 12:45:06,039 [ 117768]   INFO - #c.i.o.a.i.PopupMenuPreloader - 13018 ms since showing to preload popup menu 'Run' at 'MainMenu(preload-bgt)' in 85 ms
2024-05-25 12:45:06,068 [ 117797]   INFO - #c.i.o.a.i.PopupMenuPreloader - 13046 ms since showing to preload popup menu 'Tools' at 'MainMenu(preload-bgt)' in 114 ms
2024-05-25 12:45:06,088 [ 117817]   INFO - #c.i.o.a.i.PopupMenuPreloader - 13067 ms since showing to preload popup menu 'Refactor' at 'MainMenu(preload-bgt)' in 134 ms
2024-05-25 12:45:06,103 [ 117832]   INFO - #c.i.o.a.i.PopupMenuPreloader - 13082 ms since showing to preload popup menu 'Code' at 'MainMenu(preload-bgt)' in 149 ms
2024-05-25 12:45:06,105 [ 117834]   INFO - #c.i.o.a.i.PopupMenuPreloader - 13084 ms since showing to preload popup menu 'Help' at 'MainMenu(preload-bgt)' in 151 ms
2024-05-25 12:45:06,307 [ 118036]   INFO - #c.i.o.a.i.PopupMenuPreloader - 3066 ms since showing to preload popup menu 'Editor Popup Menu' at 'EditorPopup(preload-bgt)' in 353 ms
2024-05-25 12:45:06,309 [ 118038]   INFO - #c.i.o.a.i.PopupMenuPreloader - 3052 ms since showing to preload popup menu 'Editor Popup Menu' at 'EditorPopup(preload-bgt)' in 354 ms
2024-05-25 12:45:06,435 [ 118164]   INFO - #c.i.o.a.i.PopupMenuPreloader - 13567 ms since showing to preload popup menu 'Project View Popup Menu' at 'ProjectViewPopup(preload-bgt)' in 480 ms
2024-05-25 12:45:08,116 [ 119845]   INFO - #c.i.i.p.m.MarketplaceRequests - Can not get features from Marketplace: Connect timed out
2024-05-25 12:45:26,533 [ 138262]   WARN - #c.i.u.x.Binding - no accessors for java.time.LocalTime
2024-05-25 12:45:26,548 [ 138277]   INFO - #c.i.c.ComponentStoreImpl - Saving Project(name=bend, containerState=COMPONENT_CREATED, componentStore=/Users/rohanvashisht/bend)ProjectColorInfo took 12 ms, RunManager took 19 ms
2024-05-25 12:45:26,557 [ 138286]   INFO - #c.i.o.p.DumbServiceImpl - entered dumb mode
2024-05-25 12:45:26,590 [ 138319]   INFO - #c.i.o.p.MergingQueueGuiExecutor - Running task: (dumb mode task) com.intellij.openapi.roots.impl.PushedFilePropertiesUpdaterImpl$MyDumbModeTask@6acd6c0a (reason: Push on VFS changes)
2024-05-25 12:45:26,591 [ 138320]   INFO - #c.i.o.p.DumbServiceMergingTaskQueue - Initializing DumbServiceMergingTaskQueue...
2024-05-25 12:45:26,598 [ 138327]   INFO - #c.i.o.p.MergingQueueGuiExecutor - Task finished: (dumb mode task) com.intellij.openapi.roots.impl.PushedFilePropertiesUpdaterImpl$MyDumbModeTask@6acd6c0a (reason: Push on VFS changes)
2024-05-25 12:45:26,639 [ 138368]   INFO - #c.j.r.f.FollowMeManager - Unregister user with id: 0 (name: 'rohanvashisht', clientId: Host)
2024-05-25 12:45:26,642 [ 138371]   INFO - #c.i.o.w.i.WindowManagerImpl - === Release(true) frame on closed project ===
2024-05-25 12:45:26,665 [ 138394]   INFO - #com.android.tools.idea.adblib.AndroidAdbChannelProvider - Unregistering project from adblib channel provider: Project(name=bend, containerState=DISPOSE_IN_PROGRESS, componentStore=/Users/rohanvashisht/bend) (disposed)
2024-05-25 12:45:26,682 [ 138411]   INFO - #o.j.k.i.s.r.KotlinCompilerReferenceIndexStorage - KCRI storage is closed (didn't exist)
2024-05-25 12:45:26,682 [ 138411]   INFO - #c.i.c.b.CompilerReferenceServiceBase - backward reference index reader is closed (didn't exist)
2024-05-25 12:45:31,216 [ 142945]   INFO - #c.i.o.a.i.PopupMenuPreloader - 4477 ms since showing to preload popup menu 'Help' at 'MainMenu(preload-bgt)' in 1 ms
2024-05-25 12:45:31,221 [ 142950]   INFO - #c.i.o.a.i.PopupMenuPreloader - 4482 ms since showing to preload popup menu 'File' at 'MainMenu(preload-bgt)' in 7 ms
2024-05-25 12:45:53,956 [ 165685]   INFO - #c.i.u.g.s.GistStorageImpl - Cleaning old huge-gists dirs from [/Users/rohanvashisht/intellij-sdk-code-samples/bend_language_plugin/build/idea-sandbox/system/caches/huge-gists] ...
2024-05-25 12:46:14,022 [ 185751]   INFO - #c.i.i.u.e.t.ExperimentalToolbarSettings - Dispatching UI settings change.
2024-05-25 12:46:14,035 [ 185764]   INFO - #c.i.u.Restarter - not supported: not a bundle: /Users/rohanvashisht/.gradle/caches/modules-2/files-2.1/com.jetbrains.intellij.idea/ideaIC/2023.2.6/89eb58d1c063c9fbd762e99bc8abdbbc82aa9917/ideaIC-2023.2.6
2024-05-25 12:46:15,570 [ 187299]   INFO - #c.i.u.ExperimentalUI - Saving newUi=true to registry
2024-05-25 12:46:15,570 [ 187299]   INFO - #c.i.o.u.r.RegistryValue - Registry value 'ide.experimental.ui' has changed to 'true'
2024-05-25 12:46:15,603 [ 187332]   INFO - #c.i.i.u.e.t.ExperimentalToolbarSettings - Dispatching UI settings change.
2024-05-25 12:46:15,611 [ 187340]   INFO - #c.i.w.i.i.j.s.JpsGlobalModelSynchronizerImpl - Saving global entities to files
2024-05-25 12:46:15,675 [ 187404]   INFO - #c.i.a.o.PathMacrosImpl - Saved path macros: {MAVEN_REPOSITORY=/Users/rohanvashisht/.m2/repository}
2024-05-25 12:46:15,691 [ 187420]   INFO - #c.i.c.ComponentStoreImpl - Saving appAquaOldUserFeedbackInfoState took 14 ms
2024-05-25 12:46:15,724 [ 187453]   INFO - #c.i.u.s.SvgCacheManager - SVG icon cache is closed
2024-05-25 12:46:15,775 [ 187504]   INFO - c.j.r.f.u.RdCoroutineScope - RdCoroutineHost has been reset
2024-05-25 12:46:15,776 [ 187505]   INFO - c.j.r.f.u.RdCoroutineScope - RdCoroutineHost disposed
2024-05-25 12:46:15,780 [ 187509]   INFO - #o.j.i.BuiltInServer - web server stopped
2024-05-25 12:46:15,781 [ 187510]   INFO - #c.i.o.v.i.l.NativeFileWatcherImpl - Watcher terminated with exit code 0
2024-05-25 12:46:15,786 [ 187515]   INFO - #c.j.r.p.c.p.w.s.WireStorage - Terminate Wire Storage lifetime
2024-05-25 12:46:15,786 [ 187515]   INFO - #c.i.o.f.i.FileTypeDetectionService - 1 auto-detected files. Detection took 15 ms
2024-05-25 12:46:15,788 [ 187517]   INFO - #c.i.u.i.FileBasedIndexImpl - Index dispose started
2024-05-25 12:46:15,811 [ 187540]   INFO - #c.i.p.s.StubIndexImpl - StubIndexExtension-s were unloaded
2024-05-25 12:46:15,811 [ 187540]   INFO - #c.i.p.s.SerializationManagerImpl - Start shutting down /Users/rohanvashisht/intellij-sdk-code-samples/bend_language_plugin/build/idea-sandbox/system/index/rep.names
2024-05-25 12:46:15,812 [ 187541]   INFO - #c.i.p.s.SerializationManagerImpl - Finished shutting down /Users/rohanvashisht/intellij-sdk-code-samples/bend_language_plugin/build/idea-sandbox/system/index/rep.names
2024-05-25 12:46:15,813 [ 187542]   INFO - #c.i.u.i.FileBasedIndexImpl - Index dispose completed in 24ms.
2024-05-25 12:46:15,828 [ 187557]   INFO - #c.i.o.v.n.p.PersistentFSImpl - VFS dispose started
2024-05-25 12:46:15,829 [ 187558]   INFO - #c.i.o.v.n.p.PersistentFSImpl - VFS dispose completed in 1ms.
2024-05-25 12:46:15,846 [ 187575]   INFO - #c.i.i.AppStarter - ------------------------------------------------------ IDE SHUTDOWN ------------------------------------------------------
2024-05-25 14:17:13,134 [      3]   INFO - #c.i.i.AppStarter - ------------------------------------------------------ IDE STARTED ------------------------------------------------------
2024-05-25 14:17:13,158 [     27]   INFO - #c.i.p.d.t.i.TelemetryManagerImpl - Initializing telemetry tracer com.intellij.platform.diagnostic.telemetry.impl.TelemetryManagerImpl
2024-05-25 14:17:13,159 [     28]   INFO - #c.i.u.EnvironmentUtil - loading shell env: /bin/zsh -l -i -c '/Users/rohanvashisht/.gradle/caches/modules-2/files-2.1/com.jetbrains.intellij.idea/ideaIC/2023.2.6/89eb58d1c063c9fbd762e99bc8abdbbc82aa9917/ideaIC-2023.2.6/bin/printenv' > '/var/folders/zv/n8k0xgt53l78x4pt34fkm4zm0000gn/T/ij-env-tmp-dir11654849787869862476/ij-shell-env-data.tmp'
2024-05-25 14:17:13,172 [     41]   INFO - #c.i.p.d.t.CsvMetricsExporter - open-telemetry-metrics-plotter.html is not found in classpath
2024-05-25 14:17:13,227 [     96]   INFO - #c.i.i.AppStarter - JNA library (64-bit) loaded in 82 ms
2024-05-25 14:17:13,230 [     99]   INFO - #c.i.i.AppStarter - IDE: IntelliJ IDEA (build #IC-232.10300.40, 14 Feb 2024 20:48)
2024-05-25 14:17:13,230 [     99]   INFO - #c.i.i.AppStarter - OS: Mac OS X (14.5)
2024-05-25 14:17:13,231 [    100]   INFO - #c.i.i.AppStarter - JRE: 17.0.10+7-b1000.48, aarch64 (JetBrains s.r.o.)
2024-05-25 14:17:13,232 [    101]   INFO - #c.i.i.AppStarter - JVM: 17.0.10+7-b1000.48 (OpenJDK 64-Bit Server VM)
2024-05-25 14:17:13,235 [    104]   INFO - #c.i.i.p.PluginManager - Module intellij.sh.python is not enabled because dependency com.intellij.modules.python is not available
Module intellij.space.gateway is not enabled because dependency com.jetbrains.gateway is not available
Module intellij.space.php is not enabled because dependency com.jetbrains.php is not available
Module intellij.space.index is not enabled because dependency intellij.indexing.shared is not available
Module intellij.qodana.jvm.swagger is not enabled because dependency com.intellij.swagger is not available
Module intellij.qodana.php is not enabled because dependency com.jetbrains.php is not available
Module intellij.qodana.js is not enabled because dependency JavaScript is not available
2024-05-25 14:17:13,237 [    106]   INFO - #c.i.i.AppStarter - PID: 3951
2024-05-25 14:17:13,239 [    108]   INFO - #c.i.i.AppStarter - JVM options: [-Daether.connector.resumeDownloads=false, -Dapple.awt.application.appearance=system, -Dapple.awt.fileDialogForDirectories=true, -Dapple.laf.useScreenMenuBar=true, -Didea.auto.reload.plugins=true, -Didea.classpath.index.enabled=false, -Didea.config.path=/Users/rohanvashisht/intellij-sdk-code-samples/simple_language_plugin/build/idea-sandbox/config, -Didea.is.internal=true, -Didea.log.path=/Users/rohanvashisht/intellij-sdk-code-samples/simple_language_plugin/build/idea-sandbox/system/log, -Didea.paths.selector=IdeaIC2023.2, -Didea.platform.prefix=Idea, -Didea.plugin.in.sandbox.mode=true, -Didea.plugins.path=/Users/rohanvashisht/intellij-sdk-code-samples/simple_language_plugin/build/idea-sandbox/plugins, -Didea.required.plugins.id=org.intellij.sdk.language, -Didea.smooth.progress=false, -Didea.system.path=/Users/rohanvashisht/intellij-sdk-code-samples/simple_language_plugin/build/idea-sandbox/system, -Didea.vendor.name=JetBrains, -Djava.system.class.loader=com.intellij.util.lang.PathClassLoader, -Djbr.catch.SIGABRT=true, -Djdk.attach.allowAttachSelf=true, -Djdk.http.auth.tunneling.disabledSchemes="", -Djdk.module.illegalAccess.silent=true, -Djna.boot.library.path=/Users/rohanvashisht/.gradle/caches/modules-2/files-2.1/com.jetbrains.intellij.idea/ideaIC/2023.2.6/89eb58d1c063c9fbd762e99bc8abdbbc82aa9917/ideaIC-2023.2.6/lib/jna/aarch64, -Djna.noclasspath=true, -Djna.nosys=true, -Dpty4j.preferred.native.folder=/Users/rohanvashisht/.gradle/caches/modules-2/files-2.1/com.jetbrains.intellij.idea/ideaIC/2023.2.6/89eb58d1c063c9fbd762e99bc8abdbbc82aa9917/ideaIC-2023.2.6/lib/pty4j, -Dsplash=true, -Dsun.io.useCanonCaches=false, -Dsun.java2d.metal=true, -XX:ReservedCodeCacheSize=512m, -XX:+UseG1GC, -XX:SoftRefLRUPolicyMSPerMB=50, -XX:CICompilerCount=2, -XX:+HeapDumpOnOutOfMemoryError, -XX:-OmitStackTraceInFastThrow, -XX:+IgnoreUnrecognizedVMOptions, -XX:CompileCommand=exclude,com/intellij/openapi/vfs/impl/FilePartNodeRoot,trieDescend, -javaagent:/Users/rohanvashisht/intellij-sdk-code-samples/simple_language_plugin/build/tmp/initializeIntelliJPlugin/coroutines-javaagent.jar, --add-opens=java.base/java.io=ALL-UNNAMED, --add-opens=java.base/java.lang=ALL-UNNAMED, --add-opens=java.base/java.lang.ref=ALL-UNNAMED, --add-opens=java.base/java.lang.reflect=ALL-UNNAMED, --add-opens=java.base/java.net=ALL-UNNAMED, --add-opens=java.base/java.nio=ALL-UNNAMED, --add-opens=java.base/java.nio.charset=ALL-UNNAMED, --add-opens=java.base/java.text=ALL-UNNAMED, --add-opens=java.base/java.time=ALL-UNNAMED, --add-opens=java.base/java.util=ALL-UNNAMED, --add-opens=java.base/java.util.concurrent=ALL-UNNAMED, --add-opens=java.base/java.util.concurrent.atomic=ALL-UNNAMED, --add-opens=java.base/jdk.internal.vm=ALL-UNNAMED, --add-opens=java.base/sun.nio.ch=ALL-UNNAMED, --add-opens=java.base/sun.nio.fs=ALL-UNNAMED, --add-opens=java.base/sun.security.ssl=ALL-UNNAMED, --add-opens=java.base/sun.security.util=ALL-UNNAMED, --add-opens=java.base/sun.net.dns=ALL-UNNAMED, --add-opens=java.desktop/com.apple.eawt=ALL-UNNAMED, --add-opens=java.desktop/com.apple.eawt.event=ALL-UNNAMED, --add-opens=java.desktop/com.apple.laf=ALL-UNNAMED, --add-opens=java.desktop/java.awt=ALL-UNNAMED, --add-opens=java.desktop/java.awt.dnd.peer=ALL-UNNAMED, --add-opens=java.desktop/java.awt.event=ALL-UNNAMED, --add-opens=java.desktop/java.awt.image=ALL-UNNAMED, --add-opens=java.desktop/java.awt.peer=ALL-UNNAMED, --add-opens=java.desktop/java.awt.font=ALL-UNNAMED, --add-opens=java.desktop/javax.swing=ALL-UNNAMED, --add-opens=java.desktop/javax.swing.plaf.basic=ALL-UNNAMED, --add-opens=java.desktop/javax.swing.text.html=ALL-UNNAMED, --add-opens=java.desktop/sun.awt.datatransfer=ALL-UNNAMED, --add-opens=java.desktop/sun.awt.image=ALL-UNNAMED, --add-opens=java.desktop/sun.awt=ALL-UNNAMED, --add-opens=java.desktop/sun.font=ALL-UNNAMED, --add-opens=java.desktop/sun.java2d=ALL-UNNAMED, --add-opens=java.desktop/sun.lwawt=ALL-UNNAMED, --add-opens=java.desktop/sun.lwawt.macosx=ALL-UNNAMED, --add-opens=java.desktop/sun.swing=ALL-UNNAMED, --add-opens=java.desktop/com.sun.java.swing=ALL-UNNAMED, --add-opens=jdk.attach/sun.tools.attach=ALL-UNNAMED, --add-opens=jdk.compiler/com.sun.tools.javac.api=ALL-UNNAMED, --add-opens=jdk.internal.jvmstat/sun.jvmstat.monitor=ALL-UNNAMED, --add-opens=jdk.jdi/com.sun.tools.jdi=ALL-UNNAMED, -Xms128m, -Xmx2048m, -Dfile.encoding=UTF-8, -Duser.country=US, -Duser.language=en, -Duser.variant, -ea]
2024-05-25 14:17:13,240 [    109]   INFO - #c.i.i.AppStarter - args: 
2024-05-25 14:17:13,240 [    109]   INFO - #c.i.i.AppStarter - library path: /Users/rohanvashisht/Library/Java/Extensions:/Library/Java/Extensions:/Network/Library/Java/Extensions:/System/Library/Java/Extensions:/usr/lib/java:.
2024-05-25 14:17:13,241 [    110]   INFO - #c.i.i.AppStarter - boot library path: /Users/rohanvashisht/.gradle/caches/modules-2/files-2.1/com.jetbrains/jbre/jbr_jcef-17.0.10-osx-aarch64-b1000.48/extracted/jbr_jcef-17.0.10-osx-aarch64-b1000.48/Contents/Home/lib
2024-05-25 14:17:13,255 [    124]   INFO - #c.i.i.AppStarter - locale=en_US JNU=UTF-8 file.encoding=UTF-8
    idea.config.path=/Users/rohanvashisht/intellij-sdk-code-samples/simple_language_plugin/build/idea-sandbox/config
    idea.system.path=/Users/rohanvashisht/intellij-sdk-code-samples/simple_language_plugin/build/idea-sandbox/system
    idea.plugins.path=/Users/rohanvashisht/intellij-sdk-code-samples/simple_language_plugin/build/idea-sandbox/plugins
    idea.log.path=/Users/rohanvashisht/intellij-sdk-code-samples/simple_language_plugin/build/idea-sandbox/system/log
2024-05-25 14:17:13,257 [    126]   INFO - #c.i.i.p.PluginManager - Loaded bundled plugins: com.intellij.dev (232.10300.40), Groovy (232.10300.40), TestNG (232.10300.40), Gradle-Java (232.10300.40), Gradle-Maven (232.10300.40), TextMate Bundles (232.10300.40), Plugin DevKit (232.10300.40), Machine Learning Code Completion (232.10300.40), Java (232.10300.40), Java IDE Customization (232.10300.40), Ant (232.10300.40), Grazie Lite (232.10300.40), Maven server api classes (232.10300.40), Subversion (232.10300.40), Gradle-Java-Analysis (232.10300.40), Kotlin (232-1.9.0-IJ10300.40), JetBrains Marketplace Licensing (232.10300.40), JetBrains Repository Search (232.10300.40), Performance Testing (232.10300.40), Java Internationalization (232.10300.40), Mercurial (232.10300.40), Visual Studio Keymap (232.10300.40), Qodana (232.10300.40), Images (232.10300.40), Toml (232.10300.40), Projector Libraries for Code With Me and Remote Development (232.10300.40), Emoji Picker (232.10300.40), WebP Support (232.10300.40), Shared Indexes (232.10300.40), Machine Learning in Search Everywhere (232.10300.40), JUnit (232.10300.40), Markdown (232.10300.40), Perforce Helix Core (232.10300.40), Java Stream Debugger (232.10300.40), Eclipse Interoperability (232.10300.40), HTML Tools (232.10300.40), Properties (232.10300.40), Java Bytecode Decompiler (232.10300.40), Bytecode Viewer (232.10300.40), Maven (232.10300.40), GitHub (232.10300.40), XPathView + XSLT (232.10300.40), Gradle (232.10300.40), Terminal (232.10300.40), GitLab (232.10300.40), Eclipse Keymap (232.10300.40), UI Designer (232.10300.40), Git (232.10300.40), YAML (232.10300.40), Shell Script (232.10300.40), Settings Sync (232.10300.40), IntelliLang (232.10300.40), Package Checker (232.10300.40), JetBrains maven model api classes (232.10300.40), Code With Me (232.10300.40), Gradle Dependency Updater Implementation (232.10300.40), Async Profiler for IDE Performance Testing (232.10300.40), Gradle DSL API (232.10300.40), EditorConfig (232.10300.40), Space (232.10300.40), Android (2022.3.1 Final.232.10300.40), Code Coverage for Java (232.10300.40), com.intellij.tracing.ide (232.10300.40), JavaFX (232.10300.40), Copyright (232.10300.40), IDE Features Trainer (232.10300.40), Configuration Script (232.10300.40), Task Management (232.10300.40), IDEA CORE (232.10300.40), Android Design Tools (232.10300.40), NetBeans Keymap (232.10300.40)
2024-05-25 14:17:13,257 [    126]   INFO - #c.i.i.p.PluginManager - Loaded custom plugins: SDK: Bend Language Sample (2.0.0)
2024-05-25 14:17:13,258 [    127]   INFO - #c.i.i.AppStarter - CPU cores: 8; ForkJoinPool.commonPool: java.util.concurrent.ForkJoinPool@426bf8af[Running, parallelism = 7, size = 0, active = 0, running = 0, steals = 0, tasks = 0, submissions = 0]; factory: com.intellij.concurrency.IdeaForkJoinWorkerThreadFactory@278a97d0
2024-05-25 14:17:13,588 [    457]   INFO - #c.i.u.EnvironmentUtil - shell environment loaded (21 vars)
2024-05-25 14:17:14,401 [   1270]   INFO - #c.i.u.m.s.Menu - use new ScreenMenuBar implementation
2024-05-25 14:17:14,422 [   1291]   WARN - #c.i.u.m.MacOSApplicationProvider - No URL bundle (CFBundleURLTypes) is defined in the main bundle.
To be able to open external links, specify protocols in the app layout section of the build file.
Example: args.urlSchemes = ["your-protocol"] will handle following links: your-protocol://open?file=file&line=line
2024-05-25 14:17:14,688 [   1557]   INFO - #c.i.a.o.PathMacrosImpl - Loaded path macros: {MAVEN_REPOSITORY=/Users/rohanvashisht/.m2/repository}
2024-05-25 14:17:14,789 [   1658]   INFO - #c.i.o.u.r.RegistryManager - Registry values changed by user: ide.experimental.ui = true, ide.experimental.ui.inter.font = false, idea.plugins.compatible.build = 
2024-05-25 14:17:14,828 [   1697]   INFO - #c.i.u.i.PageCacheUtils - File page caching params:
2024-05-25 14:17:14,830 [   1699]   INFO - #c.i.u.i.PageCacheUtils - 	DEFAULT_PAGE_SIZE:10485760
2024-05-25 14:17:14,832 [   1701]   INFO - #c.i.u.i.PageCacheUtils - 	FilePageCache: regular
2024-05-25 14:17:14,833 [   1702]   INFO - #c.i.u.i.PageCacheUtils - 	DirectByteBuffers pool: 104857600 bytes
2024-05-25 14:17:14,995 [   1864]   INFO - #c.i.i.p.ExpiredPluginsState - Plugins to skip: []
2024-05-25 14:17:15,011 [   1880]   INFO - #c.i.o.v.n.p.PersistentFSConnector - VFS uses strict names enumerator
2024-05-25 14:17:15,211 [   2080]   INFO - #c.i.o.v.n.p.PersistentFSConnector - VFS uses new (streamlined) attributes storage
2024-05-25 14:17:15,586 [   2455]   INFO - #o.j.i.BuiltInServerManager - built-in server started, port 63343
2024-05-25 14:17:15,603 [   2472]   INFO - #c.i.o.a.i.ActionManagerImpl - keymap "VSCode" not found PluginDescriptor(name=Terminal, id=org.jetbrains.plugins.terminal, descriptorPath=plugin.xml, path=~/.gradle/caches/modules-2/files-2.1/com.jetbrains.intellij.idea/ideaIC/2023.2.6/89eb58d1c063c9fbd762e99bc8abdbbc82aa9917/ideaIC-2023.2.6/plugins/terminal, version=232.10300.40, package=null, isBundled=true)
2024-05-25 14:17:15,604 [   2473]   INFO - #c.i.o.a.i.ActionManagerImpl - keymap "VSCode OSX" not found PluginDescriptor(name=Terminal, id=org.jetbrains.plugins.terminal, descriptorPath=plugin.xml, path=~/.gradle/caches/modules-2/files-2.1/com.jetbrains.intellij.idea/ideaIC/2023.2.6/89eb58d1c063c9fbd762e99bc8abdbbc82aa9917/ideaIC-2023.2.6/plugins/terminal, version=232.10300.40, package=null, isBundled=true)
2024-05-25 14:17:15,604 [   2473]   WARN - #c.i.c.ComponentStoreImpl - Duplicated scheme Light - old: Light, new Light
2024-05-25 14:17:15,616 [   2485]   WARN - #c.i.u.n.s.ConfirmingTrustManager - Received an empty list of custom trusted root certificates from the system. Check log above for possible errors, enable debug logging in category 'org.jetbrains.nativecerts' for more information
2024-05-25 14:17:15,620 [   2489]   INFO - #c.i.u.n.s.CertificateManager - Default SSL context initialized
2024-05-25 14:17:15,747 [   2616]   INFO - #c.i.o.v.n.p.FSRecords - using OVER_MMAPPED_FILE storage for VFS records
2024-05-25 14:17:15,785 [   2654]   INFO - #c.i.o.v.n.p.PersistentFSConnector - VFS: impl (expected) version=576319, 45805 file records, 7 content blobs
2024-05-25 14:17:15,936 [   2805]   INFO - #c.i.o.v.n.p.PersistentFSConnector - 149 ms to self-checks, load free records and inverted name index
2024-05-25 14:17:16,015 [   2884]   INFO - #c.i.o.v.i.l.NativeFileWatcherImpl - Starting file watcher: /Users/rohanvashisht/.gradle/caches/modules-2/files-2.1/com.jetbrains.intellij.idea/ideaIC/2023.2.6/89eb58d1c063c9fbd762e99bc8abdbbc82aa9917/ideaIC-2023.2.6/bin/mac/fsnotifier
2024-05-25 14:17:16,044 [   2913]   INFO - #c.i.o.v.i.l.NativeFileWatcherImpl - Native file watcher is operational.
2024-05-25 14:17:16,071 [   2940]   INFO - #com.android.tools.idea.serverflags.ServerFlagInitializer - Enabled server flags: 
2024-05-25 14:17:16,156 [   3025]   INFO - #c.j.r.p.c.p.w.s.WireStorage - Start Wire Storage check: Check Wire Buffer Size
2024-05-25 14:17:16,203 [   3072]   INFO - #c.i.o.v.n.p.FSRecords - VFS health-check disabled
2024-05-25 14:17:16,230 [   3099]   INFO - #c.i.o.u.i.UpdateCheckerService - channel: release
2024-05-25 14:17:16,238 [   3107]   INFO - #c.i.j.JdkEx - === TabbingMode: available ===
2024-05-25 14:17:16,277 [   3146]   INFO - #c.i.u.m.t.NST - touchbar-server isn't running, skip nst loading
2024-05-25 14:17:16,281 [   3150]   INFO - #c.i.u.m.t.TouchbarSupport - touchbar support is enabled
2024-05-25 14:17:16,286 [   3155]   INFO - #c.i.o.a.i.NonBlockingReadActionImpl - OTel monitoring for NonBlockingReadAction is enabled
2024-05-25 14:17:16,469 [   3338]   INFO - #c.i.i.s.p.i.SharedIndexMainZipStorage - Shared Indexes Storage is opened and empty
2024-05-25 14:17:16,786 [   3655]   INFO - #c.i.u.i.FileBasedIndexImpl - Using nice flusher for indexes
2024-05-25 14:17:16,796 [   3665]   INFO - #c.i.u.i.IndexDataInitializer - Index data initialization done: 583 ms. Initialized indexes: [FilenameIndex, filetypes, IdIndex, Trigram.Index, fileIncludes, TodoIndex, DomFileIndex, FrameworkDetectionIndex, RelaxSymbolIndex, XmlTagNames, json.file.root.values, XmlNamespaces, SchemaTypeInheritance, html5.custom.attributes.index, java.auto.module.name, editorconfig.index.name, HtmlTagIdIndex, xmlProperties, java.source.module.name, XsltSymbolIndex, yaml.keys.name, java.fun.expression, java.null.method.argument, java.binary.plus.expression, bytecodeAnalysis, IdeaPluginRegistrationIndex, PluginIdModuleIndex, ant-imports, javafx.id.name, PluginIdDependenciesIndex, devkit.ExtensionPointClassIndex, JavaFxControllerClassIndex, devkit.ExtensionPointIndex, javafx.custom.component, org.jetbrains.kotlin.idea.versions.KotlinJsMetadataVersionIndex, org.jetbrains.kotlin.idea.versions.KotlinJvmMetadataVersionIndex, org.jetbrains.kotlin.idea.vfilefinder.KotlinClassFileIndex, org.jetbrains.kotlin.idea.vfilefinder.KotlinJavaScriptMetaFileIndex, org.jetbrains.kotlin.idea.vfilefinder.KotlinPartialPackageNamesIndex, org.jetbrains.kotlin.idea.vfilefinder.KotlinMetadataFileIndex, org.jetbrains.kotlin.idea.vfilefinder.KotlinMetadataFilePackageIndex, org.jetbrains.kotlin.idea.vfilefinder.KotlinBuiltInsMetadataIndex, org.jetbrains.kotlin.idea.vfilefinder.KotlinJvmModuleAnnotationsIndex, org.jetbrains.kotlin.idea.vfilefinder.KotlinPackageSourcesMemberNamesIndex, org.jetbrains.kotlin.idea.vfilefinder.KotlinStdlibIndex, org.jetbrains.kotlin.idea.vfilefinder.KotlinModuleMappingIndex, org.jetbrains.kotlin.idea.vfilefinder.KotlinShortClassNameFileIndex, org.jetbrains.kotlin.idea.base.indices.names.KotlinTopLevelCallableByPackageShortNameIndex, org.jetbrains.kotlin.idea.base.indices.names.KotlinTopLevelClassLikeDeclarationByPackageShortNameIndex, org.jetbrains.kotlin.idea.vfilefinder.KlibMetaFileIndex, com.intellij.uiDesigner.FormClassIndex, com.android.tools.idea.model.AndroidManifestIndex, BindingXmlIndex, NavXmlIndex, Stubs].
2024-05-25 14:17:17,070 [   3939]   INFO - #c.i.u.i.IndexDataInitializer - Index data initialization done: 273 ms. Initialized stub indexes: {jvm.static.member.type, org.jetbrains.kotlin.idea.stubindex.KotlinTypeAliasShortNameIndex, org.jetbrains.kotlin.idea.stubindex.KotlinTopLevelPropertyFqnNameIndex, markdown.header.anchor, java.method.name, org.jetbrains.kotlin.idea.stubindex.KotlinFullClassNameIndex, org.jetbrains.kotlin.idea.stubindex.KotlinSubclassObjectNameIndex, org.jetbrains.kotlin.idea.stubindex.KotlinProbablyNothingFunctionShortNameIndex, org.jetbrains.kotlin.idea.stubindex.KotlinTopLevelFunctionFqnNameIndex, gr.script.fqn, org.jetbrains.kotlin.idea.stubindex.KotlinTopLevelClassByPackageIndex, gr.class.fqn.s, org.jetbrains.kotlin.idea.stubindex.KotlinExactPackagesIndex, org.jetbrains.kotlin.idea.stubindex.KotlinTopLevelTypeAliasByPackageIndex, java.module.name, gr.class.super, gr.script.class, properties.index, org.jetbrains.kotlin.idea.stubindex.KotlinTopLevelTypeAliasFqNameIndex, org.jetbrains.kotlin.idea.stubindex.KotlinMultifileClassPartIndex, java.class.fqn, jvm.static.member.name, org.jetbrains.kotlin.idea.stubindex.KotlinFileFacadeClassByPackageIndex, java.annotations, org.jetbrains.kotlin.idea.stubindex.KotlinFunctionShortNameIndex, org.jetbrains.kotlin.idea.stubindex.KotlinTopLevelExtensionsByReceiverTypeIndex, org.jetbrains.kotlin.idea.stubindex.KotlinInnerTypeAliasClassIdIndex, org.jetbrains.kotlin.idea.stubindex.KotlinAnnotationsIndex, java.field.name, org.jetbrains.kotlin.idea.stubindex.KotlinJvmNameAnnotationIndex, org.jetbrains.kotlin.idea.stubindex.KotlinScriptFqnIndex, kotlin.primeIndexKey, org.jetbrains.kotlin.idea.stubindex.KotlinPropertyShortNameIndex, org.jetbrains.kotlin.idea.stubindex.KotlinProbablyContractedFunctionShortNameIndex, org.jetbrains.kotlin.idea.stubindex.KotlinFileFacadeFqNameIndex, gr.field.name, java.class.shortname, java.method.parameter.types, org.jetbrains.kotlin.idea.stubindex.KotlinTopLevelPropertyByPackageIndex, gr.anonymous.class, org.jetbrains.kotlin.idea.stubindex.KotlinProbablyNothingPropertyShortNameIndex, org.jetbrains.kotlin.idea.stubindex.KotlinExtensionsInObjectsByReceiverTypeIndex, org.jetbrains.kotlin.idea.stubindex.KotlinTopLevelFunctionByPackageIndex, gr.method.name, gr.annot.method.name, markdown.header, gr.annot.members, dom.namespaceKey, gr.class.fqn, java.class.extlist, dom.elementClass, org.jetbrains.kotlin.idea.stubindex.KotlinFilePartClassIndex, org.jetbrains.kotlin.idea.stubindex.KotlinOverridableInternalMembersShortNameIndex, org.jetbrains.kotlin.idea.stubindex.KotlinFileFacadeShortNameIndex, org.jetbrains.kotlin.idea.stubindex.KotlinSuperClassIndex, org.jetbrains.kotlin.idea.stubindex.KotlinClassShortNameIndex, java.anonymous.baseref, gr.script.fqn.s, org.jetbrains.kotlin.idea.stubindex.KotlinTypeAliasByExpansionShortNameIndex}.
2024-05-25 14:17:19,900 [   6769]   INFO - STDOUT - 
2024-05-25 14:17:19,944 [   6813]   INFO - #c.i.j.JdkEx - === TabbingMode: on ===
2024-05-25 14:17:20,083 [   6952]   INFO - #c.i.w.i.i.l.m.ModuleBridgeLoaderService - Workspace model loaded without cache. Loading real project state into workspace model. Thread[DefaultDispatcher-worker-23 @com.intellij.openapi.application.impl.ApplicationImpl#979,5,main]
2024-05-25 14:17:20,111 [   6980]   INFO - #c.i.w.i.i.j.s.JpsGlobalModelSynchronizerImpl - Loading global entities from files
2024-05-25 14:17:20,117 [   6986]   INFO - #c.i.w.i.i.GlobalWorkspaceModel - Sync global entities with mutable entity storage
2024-05-25 14:17:20,221 [   7090]   INFO - #c.i.w.i.i.EntitiesOrphanageImpl - Update orphanage. 0 modules added
2024-05-25 14:17:20,228 [   7097]   INFO - #c.i.w.i.i.WorkspaceModelImpl - Project model updated to version 1 in 29 ms: Apply JPS storage (iml files)
2024-05-25 14:17:20,229 [   7098]   INFO - #c.i.w.i.i.EntitiesOrphanageImpl - Update orphanage. 0 modules added
2024-05-25 14:17:20,566 [   7435]   INFO - #c.i.p.c.ProjectCodeStyleSettingsManager - Initialized from default code style settings.
2024-05-25 14:17:20,569 [   7438]   INFO - STDOUT - Info  | RdCoroutineScope          | 71:DefaultDispatcher-worker-58 @com.jetbrains.rd.platform.codeWithMe.toolbar.CodeWithMeToolbarUpdater preloading#1111 | RdCoroutineHost overridden 
2024-05-25 14:17:20,587 [   7456]   INFO - #c.i.r.OsRegistryConfigProvider - Looking for 'enabled' value in [/Library/Application Support/JetBrains/portForwarding/enabled, /Library/Application Support/JetBrains/portForwarding/config.json, /Users/rohanvashisht/Library/Application Support/JetBrains/portForwarding/enabled, /Users/rohanvashisht/Library/Application Support/JetBrains/portForwarding/config.json]
2024-05-25 14:17:20,589 [   7458]   INFO - #c.i.r.OsRegistryConfigProvider - OS provided value for 'enabled' is not found
2024-05-25 14:17:20,684 [   7553]   INFO - #c.i.w.i.i.EntitiesOrphanageImpl - Update orphanage. 0 modules added
2024-05-25 14:17:20,686 [   7555]   INFO - #c.i.w.i.i.WorkspaceModelImpl - Project model updated to version 2 in 56 ms: Module model commit
2024-05-25 14:17:20,715 [   7584]   INFO - #c.i.w.i.i.EntitiesOrphanageImpl - Update orphanage. 0 modules added
2024-05-25 14:17:20,717 [   7586]   INFO - #c.i.w.i.i.WorkspaceModelImpl - Project model updated to version 3 in 9 ms: Root model commit
2024-05-25 14:17:20,728 [   7597]   INFO - #c.j.r.f.FollowMeManager - Register new user 0 (name: 'rohanvashisht', client id: Host)
2024-05-25 14:17:20,733 [   7602]   INFO - PerformancePlugin - Performance Plugin is in silent mode
2024-05-25 14:17:20,862 [   7731]   INFO - #c.i.o.p.MergingQueueGuiExecutor - Running task: (dumb mode task) com.intellij.openapi.project.InitialDumbTaskRequiredForSmartMode@7b3b288d
2024-05-25 14:17:20,869 [   7738]   INFO - #c.i.o.p.DumbServiceMergingTaskQueue - Initializing DumbServiceMergingTaskQueue...
2024-05-25 14:17:20,870 [   7739]   INFO - #c.i.o.p.DumbServiceMergingTaskQueue - Running initialization condition: com.intellij.indexing.shared.download.SharedIndexDownloadedCondition@c8b8790
2024-05-25 14:17:20,872 [   7741]   INFO - #c.i.o.p.DumbServiceMergingTaskQueue - Finished: com.intellij.indexing.shared.download.SharedIndexDownloadedCondition@c8b8790
2024-05-25 14:17:20,877 [   7746]   INFO - #c.i.o.p.InitialDumbTaskRequiredForSmartMode - Running task required for smart mode: com.intellij.indexing.shared.platform.impl.OnDiskSharedIndexChunkLocator@6abd868b
2024-05-25 14:17:20,880 [   7749]   INFO - #c.i.o.p.InitialDumbTaskRequiredForSmartMode - Finished task required for smart mode: com.intellij.indexing.shared.platform.impl.OnDiskSharedIndexChunkLocator@6abd868b
2024-05-25 14:17:20,881 [   7750]   INFO - #c.i.o.p.InitialDumbTaskRequiredForSmartMode - Running task required for smart mode: com.intellij.util.indexing.ProjectFileBasedIndexStartupActivity@78902071
2024-05-25 14:17:20,884 [   7753]   INFO - #c.i.o.p.InitialDumbTaskRequiredForSmartMode - Finished task required for smart mode: com.intellij.util.indexing.ProjectFileBasedIndexStartupActivity@78902071
2024-05-25 14:17:20,884 [   7753]   INFO - #c.i.o.p.InitialDumbTaskRequiredForSmartMode - Running task required for smart mode: com.intellij.externalDependencies.impl.CheckRequiredPluginsActivity@2d9ec2fe
2024-05-25 14:17:20,886 [   7755]   INFO - #c.i.o.p.InitialDumbTaskRequiredForSmartMode - Finished task required for smart mode: com.intellij.externalDependencies.impl.CheckRequiredPluginsActivity@2d9ec2fe
2024-05-25 14:17:20,886 [   7755]   INFO - #c.i.o.p.InitialDumbTaskRequiredForSmartMode - Running task required for smart mode: com.intellij.util.indexing.DumbModeWhileScanningSubscriber@13dbc7a6
2024-05-25 14:17:20,892 [   7761]   INFO - #c.i.o.p.InitialDumbTaskRequiredForSmartMode - Finished task required for smart mode: com.intellij.util.indexing.DumbModeWhileScanningSubscriber@13dbc7a6
2024-05-25 14:17:20,892 [   7761]   INFO - #c.i.o.p.MergingQueueGuiExecutor - Task finished: (dumb mode task) com.intellij.openapi.project.InitialDumbTaskRequiredForSmartMode@7b3b288d
2024-05-25 14:17:21,065 [   7934]   INFO - #c.i.o.p.MergingQueueGuiExecutor - Running task: UnindexedFilesScanner[bend]
2024-05-25 14:17:21,077 [   7946]   INFO - #c.i.o.p.DumbServiceImpl - entered smart mode
2024-05-25 14:17:21,082 [   7951]   INFO - #c.i.u.i.UnindexedFilesScanner - Started scanning for indexing of bend. Reason: On project open
2024-05-25 14:17:21,086 [   7955]   INFO - #c.i.u.i.UnindexedFilesScanner - Performing delayed pushing properties tasks for bend took 1ms; general responsiveness: ok; EDT responsiveness: ok
2024-05-25 14:17:21,161 [   8030]   INFO - #c.i.u.i.UnindexedFilesScanner - Scanning of bend uses 7 scanning threads
2024-05-25 14:17:21,549 [   8418]   INFO - #c.i.o.e.s.p.m.ExternalProjectsDataStorage - Load external projects data in 5 millis (read time: 1)
2024-05-25 14:17:21,675 [   8544]   INFO - #com.android.tools.idea.adblib.AndroidAdbChannelProvider - Registering project to adblib channel provider: Project(name=bend, containerState=COMPONENT_CREATED, componentStore=/Users/rohanvashisht/bend)
2024-05-25 14:17:21,699 [   8568]   INFO - #c.i.u.i.UnindexedFilesScanner - Scanning completed for bend. Number of scanned files: 239; Number of files for indexing: 15 took 613ms; general responsiveness: 1/1 sluggish; EDT responsiveness: ok
2024-05-25 14:17:21,700 [   8569]   INFO - #c.i.u.i.UnindexedFilesScanner - bf93d430: marking roots for initial VFS refresh
2024-05-25 14:17:21,702 [   8571]   INFO - #c.i.u.i.UnindexedFilesScanner - bf93d430: starting initial VFS refresh
2024-05-25 14:17:21,715 [   8584]   INFO - #c.i.o.p.MergingQueueGuiExecutor - Task finished: UnindexedFilesScanner[bend]
2024-05-25 14:17:21,722 [   8591]   INFO - #c.i.i.s.IdeStartupScripts - 0 startup script(s) found
2024-05-25 14:17:21,740 [   8609]   INFO - #c.i.i.b.BookmarksManager - no state loaded for new bookmarks
2024-05-25 14:17:21,746 [   8615]   INFO - #c.i.i.b.BookmarkManager - no state loaded for old bookmarks
2024-05-25 14:17:21,748 [   8617]   INFO - #c.i.d.PerformanceWatcherImpl - Post-startup activities under progress took 382ms; general responsiveness: 1/1 sluggish; EDT responsiveness: ok
2024-05-25 14:17:21,756 [   8625]   INFO - #c.i.i.f.FavoritesManager - no state loaded for old favorites
2024-05-25 14:17:21,784 [   8653]   INFO - #c.i.o.a.Experiments - Experimental features enabled for user: wsl.p9.support, wsl.prefer.p9.support, wsl.p9.show.roots.in.file.chooser, wsl.execute.with.wsl.exe, linux.native.menu, recent.and.edited.files.together, show.create.new.element.in.popup, search.everywhere.mixed.results, new.project.wizard, editor.reader.mode, new.large.text.file.viewer, terminal.shell.command.handling
2024-05-25 14:17:21,885 [   8754]   INFO - #org.intellij.plugins.markdown.settings.MarkdownSettings - Migrating Markdown settings
2024-05-25 14:17:21,895 [   8764]   INFO - #c.i.u.j.JBCefApp - JCEF-sandbox is enabled
2024-05-25 14:17:21,896 [   8765]   INFO - #c.i.u.j.JBCefApp - JCEF-sandbox was disabled (to enable you should start IDE from launcher)
2024-05-25 14:17:22,571 [   9440]   INFO - #c.i.o.v.i.p.NewMappings - VCS Root: [Git] - [<Project>]
2024-05-25 14:17:22,945 [   9814]   INFO - #c.i.c.CompilerWorkspaceConfiguration - Available processors: 8
2024-05-25 14:17:22,961 [   9830]   INFO - #c.i.o.v.i.p.NewMappings - Mapped Roots: 1
2024-05-25 14:17:22,976 [   9845]   INFO - #git4idea.commands.GitHandler - [.] git version
2024-05-25 14:17:23,025 [   9894]   INFO - #git4idea.commands.GitHandler - git version 2.39.3 (Apple Git-146)
2024-05-25 14:17:23,031 [   9900]   INFO - #git4idea.config.GitExecutableManager - Git version for /usr/bin/git: 2.39.3.0 (UNIX)
2024-05-25 14:17:24,422 [  11291]   INFO - #c.i.u.j.JBCefApp - jcef version: 111.2.1.674.5e74e8b028681c1eb637bb8a27a1e79ba4f1e1e1 | cmd args: [--framework-dir-path=/Users/rohanvashisht/.gradle/caches/modules-2/files-2.1/com.jetbrains/jbre/jbr_jcef-17.0.10-osx-aarch64-b1000.48/extracted/jbr_jcef-17.0.10-osx-aarch64-b1000.48/Contents/Frameworks/Chromium Embedded Framework.framework, --browser-subprocess-path=/Users/rohanvashisht/.gradle/caches/modules-2/files-2.1/com.jetbrains/jbre/jbr_jcef-17.0.10-osx-aarch64-b1000.48/extracted/jbr_jcef-17.0.10-osx-aarch64-b1000.48/Contents/Frameworks/jcef Helper.app/Contents/MacOS/jcef Helper, --main-bundle-path=/Users/rohanvashisht/.gradle/caches/modules-2/files-2.1/com.jetbrains/jbre/jbr_jcef-17.0.10-osx-aarch64-b1000.48/extracted/jbr_jcef-17.0.10-osx-aarch64-b1000.48/Contents/Frameworks/jcef Helper.app, --disable-in-process-stack-traces, --use-mock-keychain, --disable-features=SpareRendererForSitePerProcess, --no-proxy-server, --disable-gpu-process-crash-limit]
2024-05-25 14:17:24,453 [  11322]   WARN - #c.i.o.a.i.ActionUpdater - 2837 ms to grab EDT for ToolWindowHeader$2#update@ToolwindowTitle (com.intellij.toolWindow.ToolWindowHeader$2)
2024-05-25 14:17:25,767 [  12636]   WARN - #c.i.o.a.i.ActionUpdater - 1286 ms to grab EDT for ToolWindowHeader$2#getChildren@ToolwindowTitle (com.intellij.toolWindow.ToolWindowHeader$2)
2024-05-25 14:17:26,191 [  13060]   WARN - #c.i.o.a.i.ActionUpdater - 367 ms to grab EDT for ExpandAllAction#update@ToolwindowTitle (com.intellij.ide.actions.ExpandAllAction)
2024-05-25 14:17:26,540 [  13409]   WARN - #c.i.o.a.i.ActionUpdater - 4698 ms total to grab EDT 5 times to expand ToolWindowHeader$2@ToolwindowTitle (com.intellij.toolWindow.ToolWindowHeader$2). Use `ActionUpdateThread.BGT`.
2024-05-25 14:17:26,967 [  13836]   INFO - #c.i.v.l.d.i.VcsLogPersistentIndex - Indexing full repository in bend
2024-05-25 14:17:27,210 [  14079]   INFO - #o.j.j.b.i.CompilerReferenceIndex - backward reference index version doesn't exist
2024-05-25 14:17:27,238 [  14107]   INFO - #c.i.c.b.IsUpToDateCheckStartupActivity - suitable consumer is not found
2024-05-25 14:17:27,252 [  14121]   INFO - c.i.s.k.s.d.SpaceKtsFileDetector - SpaceKtsFileDetector
2024-05-25 14:17:27,317 [  14186]   INFO - #c.j.r.p.c.CodeWithMeCleanup - running activity to cleanup old thin clients... Root path is '/Users/rohanvashisht/Library/Caches/JetBrains'. JvmStartTimeMs=1716626832705
2024-05-25 14:17:27,321 [  14190]   INFO - #c.j.r.p.c.CodeWithMeCleanup - found 0 Code With Me client system folders to check
2024-05-25 14:17:27,322 [  14191]   INFO - #c.j.r.p.c.CodeWithMeCleanup - found 0 Code With Me client config folders to check
2024-05-25 14:17:27,326 [  14195]   INFO - #c.j.r.p.c.CodeWithMeCleanup - keep only [] major versions
2024-05-25 14:17:27,329 [  14198]   INFO - #c.i.r.OsRegistryConfigProvider - Looking for 'versionManagementEnabled' value in [/Library/Application Support/JetBrains/JetBrainsClient/versionManagementEnabled, /Library/Application Support/JetBrains/JetBrainsClient/config.json, /Users/rohanvashisht/Library/Application Support/JetBrains/JetBrainsClient/versionManagementEnabled, /Users/rohanvashisht/Library/Application Support/JetBrains/JetBrainsClient/config.json]
2024-05-25 14:17:27,331 [  14200]   INFO - #c.i.r.OsRegistryConfigProvider - OS provided value for 'versionManagementEnabled' is not found
2024-05-25 14:17:27,695 [  14564]   INFO - #c.i.v.l.d.i.VcsLogPersistentIndex - 727ms for indexing 29 commits in bend
2024-05-25 14:17:28,416 [  15285]   INFO - #c.i.w.i.i.EntitiesOrphanageImpl - Update orphanage. 0 modules added
2024-05-25 14:17:28,423 [  15292]   INFO - #c.i.w.i.i.WorkspaceModelImpl - Project model updated to version 4 in 10 ms: Project library table commit
2024-05-25 14:17:28,431 [  15300]   INFO - #c.i.w.i.i.EntitiesOrphanageImpl - Update orphanage. 0 modules added
2024-05-25 14:17:28,432 [  15301]   INFO - #c.i.w.i.i.WorkspaceModelImpl - Project model updated to version 5 in 2 ms: Module model commit
2024-05-25 14:17:28,553 [  15422]   INFO - #c.i.o.p.DumbServiceImpl - entered dumb mode
2024-05-25 14:17:28,561 [  15430]   INFO - #c.i.v.l.d.i.IndexDiagnosticRunner - Index diagnostic for 24 commits in [file:///Users/rohanvashisht/bend] is completed
2024-05-25 14:17:29,017 [  15886]   INFO - #c.i.o.p.MergingQueueGuiExecutor - Running task: (dumb mode task) com.android.tools.idea.res.ResourceFolderRepositoryFileCacheImpl$PruneTask@39e66f47
2024-05-25 14:17:29,024 [  15893]   INFO - #c.i.o.p.DumbServiceMergingTaskQueue - Initializing DumbServiceMergingTaskQueue...
2024-05-25 14:17:29,027 [  15896]   INFO - #c.i.o.p.MergingQueueGuiExecutor - Task finished: (dumb mode task) com.android.tools.idea.res.ResourceFolderRepositoryFileCacheImpl$PruneTask@39e66f47
2024-05-25 14:17:29,027 [  15896]   INFO - #c.i.o.p.MergingQueueGuiExecutor - Running task: (dumb mode task) com.android.tools.idea.res.ResourceFolderRepositoryFileCacheImpl$ManageLruProjectFilesTask@2587c444
2024-05-25 14:17:29,034 [  15903]   INFO - #c.i.o.p.DumbServiceMergingTaskQueue - Initializing DumbServiceMergingTaskQueue...
2024-05-25 14:17:29,038 [  15907]   INFO - #c.i.o.p.MergingQueueGuiExecutor - Task finished: (dumb mode task) com.android.tools.idea.res.ResourceFolderRepositoryFileCacheImpl$ManageLruProjectFilesTask@2587c444
2024-05-25 14:17:29,039 [  15908]   INFO - #c.i.o.p.MergingQueueGuiExecutor - Running task: (dumb mode task) UnindexedFilesIndexer[bend, 1 iterators, reason: On project open]
2024-05-25 14:17:29,046 [  15915]   INFO - #c.i.o.p.DumbServiceMergingTaskQueue - Initializing DumbServiceMergingTaskQueue...
2024-05-25 14:17:29,060 [  15929]   INFO - #c.i.u.i.UnindexedFilesIndexer - Use 7 indexing threads for indexing of bend
2024-05-25 14:17:29,072 [  15941]   INFO - #c.i.u.i.UnindexedFilesScanner - bf93d430: initial VFS refresh finished 7368 ms
2024-05-25 14:17:29,580 [  16449]   INFO - #c.i.u.i.ProjectChangedFilesScanner - Retrieving changed during indexing files of bend : 0 to update, calculated in 5ms
2024-05-25 14:17:29,581 [  16450]   INFO - #c.i.u.i.UnindexedFilesIndexer - Finished for bend. Unindexed files update took 527ms; general responsiveness: ok; EDT responsiveness: ok
2024-05-25 14:17:29,591 [  16460]   INFO - #c.i.o.p.MergingQueueGuiExecutor - Task finished: (dumb mode task) UnindexedFilesIndexer[bend, 1 iterators, reason: On project open]
2024-05-25 14:17:29,900 [  16769]   INFO - #c.i.o.p.DumbServiceImpl - entered smart mode
2024-05-25 14:17:30,321 [  17190]   INFO - #c.i.o.p.DumbServiceImpl - entered dumb mode
2024-05-25 14:17:30,659 [  17528]   INFO - #c.i.o.p.MergingQueueGuiExecutor - Running task: (dumb mode task) com.android.tools.idea.res.ResourceFolderRegistry$PopulateCachesTask@7d18b907
2024-05-25 14:17:30,661 [  17530]   INFO - #c.i.o.p.DumbServiceMergingTaskQueue - Initializing DumbServiceMergingTaskQueue...
2024-05-25 14:17:30,661 [  17530]   INFO - #c.i.o.p.MergingQueueGuiExecutor - Task finished: (dumb mode task) com.android.tools.idea.res.ResourceFolderRegistry$PopulateCachesTask@7d18b907
2024-05-25 14:17:30,704 [  17573]   INFO - #c.i.o.p.DumbServiceImpl - entered smart mode
2024-05-25 14:17:30,995 [  17864]   INFO - #c.i.i.s.i.StartupManagerImpl - Some post-startup activities freeze UI for noticeable time. Please consider making them DumbAware to run them in background under modal progress, or just making them faster to speed up project opening.
2024-05-25 14:17:31,522 [  18391]   INFO - #com.android.tools.idea.projectsystem.ProjectSystemService - DefaultProjectSystem project system has been detected
2024-05-25 14:17:35,281 [  22150]   INFO - #o.j.s.e.g.GradleProjectDependenciesModel - Start collecting all modules
2024-05-25 14:17:35,282 [  22151]   INFO - #o.j.s.e.g.GradleProjectDependenciesModel - Finish collecting all modules, count of found modules: 0
2024-05-25 14:17:37,493 [  24362]   INFO - #c.i.i.u.e.t.ExperimentalToolbarSettings - Dispatching UI settings change.
2024-05-25 14:17:37,562 [  24431]   INFO - #c.i.i.u.e.t.ExperimentalToolbarSettings - Dispatching UI settings change.
2024-05-25 14:17:38,384 [  25253]   INFO - #c.i.i.u.e.t.ExperimentalToolbarSettings - Dispatching UI settings change.
2024-05-25 14:17:38,435 [  25304]   INFO - #c.i.i.u.e.t.ExperimentalToolbarSettings - Dispatching UI settings change.
2024-05-25 14:17:38,922 [  25791]   INFO - #c.i.i.u.e.t.ExperimentalToolbarSettings - Dispatching UI settings change.
2024-05-25 14:17:38,969 [  25838]   INFO - #c.i.i.u.e.t.ExperimentalToolbarSettings - Dispatching UI settings change.
2024-05-25 14:17:39,558 [  26427]   INFO - #c.i.i.u.e.t.ExperimentalToolbarSettings - Dispatching UI settings change.
2024-05-25 14:17:39,598 [  26467]   INFO - #c.i.i.u.e.t.ExperimentalToolbarSettings - Dispatching UI settings change.
2024-05-25 14:17:51,935 [  38804]   WARN - #c.i.u.x.Binding - no accessors for java.time.LocalTime
2024-05-25 14:17:51,951 [  38820]   INFO - #c.i.c.ComponentStoreImpl - Saving Project(name=bend, containerState=COMPONENT_CREATED, componentStore=/Users/rohanvashisht/bend)RunManager took 15 ms
2024-05-25 14:17:51,971 [  38840]   INFO - #c.i.o.p.DumbServiceImpl - entered dumb mode
2024-05-25 14:17:52,033 [  38902]   INFO - #c.i.o.p.MergingQueueGuiExecutor - Running task: (dumb mode task) com.intellij.openapi.roots.impl.PushedFilePropertiesUpdaterImpl$MyDumbModeTask@17a926e7 (reason: Push on VFS changes)
2024-05-25 14:17:52,039 [  38908]   INFO - #c.i.o.p.DumbServiceMergingTaskQueue - Initializing DumbServiceMergingTaskQueue...
2024-05-25 14:17:52,050 [  38919]   INFO - #c.i.o.p.MergingQueueGuiExecutor - Task finished: (dumb mode task) com.intellij.openapi.roots.impl.PushedFilePropertiesUpdaterImpl$MyDumbModeTask@17a926e7 (reason: Push on VFS changes)
2024-05-25 14:17:52,158 [  39027]   INFO - #c.j.r.f.FollowMeManager - Unregister user with id: 0 (name: 'rohanvashisht', clientId: Host)
2024-05-25 14:17:52,161 [  39030]   INFO - #c.i.o.w.i.WindowManagerImpl - === Release(true) frame on closed project ===
2024-05-25 14:17:52,204 [  39073]   INFO - #com.android.tools.idea.adblib.AndroidAdbChannelProvider - Unregistering project from adblib channel provider: Project(name=bend, containerState=DISPOSE_IN_PROGRESS, componentStore=/Users/rohanvashisht/bend) (disposed)
2024-05-25 14:17:52,225 [  39094]   INFO - #o.j.k.i.s.r.KotlinCompilerReferenceIndexStorage - KCRI storage is closed (didn't exist)
2024-05-25 14:17:52,226 [  39095]   INFO - #c.i.c.b.CompilerReferenceServiceBase - backward reference index reader is closed (didn't exist)
2024-05-25 14:17:56,334 [  43203]   INFO - #c.i.o.a.i.PopupMenuPreloader - 4001 ms since showing to preload popup menu 'Help' at 'MainMenu(preload-bgt)' in 50 ms
2024-05-25 14:17:56,376 [  43245]   INFO - #c.i.o.a.i.PopupMenuPreloader - 4049 ms since showing to preload popup menu 'File' at 'MainMenu(preload-bgt)' in 94 ms
2024-05-25 14:18:21,089 [  67958]   INFO - #c.i.u.g.s.GistStorageImpl - Cleaning old huge-gists dirs from [/Users/rohanvashisht/intellij-sdk-code-samples/simple_language_plugin/build/idea-sandbox/system/caches/huge-gists] ...
2024-05-25 14:18:47,560 [  94429]   INFO - #c.i.w.i.i.j.s.JpsGlobalModelSynchronizerImpl - Saving global entities to files
2024-05-25 14:18:47,651 [  94520]   INFO - #c.i.c.ComponentStoreImpl - Saving appPluginFeatureCacheService took 27 ms
2024-05-25 14:18:47,695 [  94564]   INFO - #c.i.u.s.SvgCacheManager - SVG icon cache is closed
2024-05-25 14:18:47,697 [  94566]   INFO - #c.i.i.s.e.u.EventLogExternalUploader - Started external process for uploading event log
2024-05-25 14:18:47,713 [  94582]   INFO - c.j.r.f.u.RdCoroutineScope - RdCoroutineHost has been reset
2024-05-25 14:18:47,714 [  94583]   INFO - c.j.r.f.u.RdCoroutineScope - RdCoroutineHost disposed
2024-05-25 14:18:47,716 [  94585]   INFO - #c.i.o.v.i.l.NativeFileWatcherImpl - Watcher terminated with exit code 0
2024-05-25 14:18:47,717 [  94586]   INFO - #o.j.i.BuiltInServer - web server stopped
2024-05-25 14:18:47,723 [  94592]   INFO - #c.j.r.p.c.p.w.s.WireStorage - Terminate Wire Storage lifetime
2024-05-25 14:18:47,723 [  94592]   INFO - #c.i.o.f.i.FileTypeDetectionService - 3 auto-detected files. Detection took 15 ms
2024-05-25 14:18:47,726 [  94595]   INFO - #c.i.u.i.FileBasedIndexImpl - Index dispose started
2024-05-25 14:18:47,821 [  94690]   INFO - #c.i.p.s.StubIndexImpl - StubIndexExtension-s were unloaded
2024-05-25 14:18:47,821 [  94690]   INFO - #c.i.p.s.SerializationManagerImpl - Start shutting down /Users/rohanvashisht/intellij-sdk-code-samples/simple_language_plugin/build/idea-sandbox/system/index/rep.names
2024-05-25 14:18:47,822 [  94691]   INFO - #c.i.p.s.SerializationManagerImpl - Finished shutting down /Users/rohanvashisht/intellij-sdk-code-samples/simple_language_plugin/build/idea-sandbox/system/index/rep.names
2024-05-25 14:18:47,824 [  94693]   INFO - #c.i.u.i.FileBasedIndexImpl - Index dispose completed in 99ms.
2024-05-25 14:18:47,834 [  94703]   INFO - #c.i.o.v.n.p.PersistentFSImpl - VFS dispose started
2024-05-25 14:18:47,837 [  94706]   INFO - #c.i.o.v.n.p.PersistentFSImpl - VFS dispose completed in 3ms.
2024-05-25 14:18:47,859 [  94728]   INFO - #c.i.i.AppStarter - ------------------------------------------------------ IDE SHUTDOWN ------------------------------------------------------
